TN:
SF:api\digitalSignaturesService.ts
FN:21,(anonymous_0)
FN:27,(anonymous_1)
FN:106,(anonymous_2)
FN:126,(anonymous_3)
FN:188,(anonymous_4)
FN:211,(anonymous_5)
FN:267,(anonymous_6)
FN:274,(anonymous_7)
FN:282,(anonymous_8)
FN:289,(anonymous_9)
FN:311,(anonymous_10)
FN:314,(anonymous_11)
FN:340,(anonymous_12)
FN:350,(anonymous_13)
FN:364,(anonymous_14)
FN:386,(anonymous_15)
FN:406,(anonymous_16)
FN:435,(anonymous_17)
FN:449,(anonymous_18)
FN:461,(anonymous_19)
FN:472,(anonymous_20)
FN:475,(anonymous_21)
FN:491,(anonymous_22)
FN:501,(anonymous_23)
FN:545,(anonymous_24)
FN:550,(anonymous_25)
FN:556,(anonymous_26)
FN:557,(anonymous_27)
FN:558,(anonymous_28)
FN:559,(anonymous_29)
FN:575,(anonymous_30)
FN:580,(anonymous_31)
FN:587,(anonymous_32)
FN:591,(anonymous_33)
FN:619,(anonymous_34)
FN:623,(anonymous_35)
FN:627,(anonymous_36)
FN:631,(anonymous_37)
FN:643,(anonymous_38)
FN:647,(anonymous_39)
FN:649,(anonymous_40)
FN:652,(anonymous_41)
FN:656,(anonymous_42)
FN:660,(anonymous_43)
FN:672,(anonymous_44)
FN:683,(anonymous_45)
FN:687,(anonymous_46)
FN:691,(anonymous_47)
FNF:48
FNH:3
FNDA:1,(anonymous_0)
FNDA:1,(anonymous_1)
FNDA:1,(anonymous_2)
FNDA:0,(anonymous_3)
FNDA:0,(anonymous_4)
FNDA:0,(anonymous_5)
FNDA:0,(anonymous_6)
FNDA:0,(anonymous_7)
FNDA:0,(anonymous_8)
FNDA:0,(anonymous_9)
FNDA:0,(anonymous_10)
FNDA:0,(anonymous_11)
FNDA:0,(anonymous_12)
FNDA:0,(anonymous_13)
FNDA:0,(anonymous_14)
FNDA:0,(anonymous_15)
FNDA:0,(anonymous_16)
FNDA:0,(anonymous_17)
FNDA:0,(anonymous_18)
FNDA:0,(anonymous_19)
FNDA:0,(anonymous_20)
FNDA:0,(anonymous_21)
FNDA:0,(anonymous_22)
FNDA:0,(anonymous_23)
FNDA:0,(anonymous_24)
FNDA:0,(anonymous_25)
FNDA:0,(anonymous_26)
FNDA:0,(anonymous_27)
FNDA:0,(anonymous_28)
FNDA:0,(anonymous_29)
FNDA:0,(anonymous_30)
FNDA:0,(anonymous_31)
FNDA:0,(anonymous_32)
FNDA:0,(anonymous_33)
FNDA:0,(anonymous_34)
FNDA:0,(anonymous_35)
FNDA:0,(anonymous_36)
FNDA:0,(anonymous_37)
FNDA:0,(anonymous_38)
FNDA:0,(anonymous_39)
FNDA:0,(anonymous_40)
FNDA:0,(anonymous_41)
FNDA:0,(anonymous_42)
FNDA:0,(anonymous_43)
FNDA:0,(anonymous_44)
FNDA:0,(anonymous_45)
FNDA:0,(anonymous_46)
FNDA:0,(anonymous_47)
DA:15,1
DA:16,1
DA:17,1
DA:18,1
DA:19,1
DA:22,1
DA:23,1
DA:29,1
DA:48,1
DA:67,1
DA:86,1
DA:108,1
DA:122,1
DA:135,0
DA:138,0
DA:146,0
DA:149,0
DA:156,0
DA:159,0
DA:174,0
DA:177,0
DA:180,0
DA:181,0
DA:184,0
DA:189,0
DA:190,0
DA:194,0
DA:195,0
DA:197,0
DA:219,0
DA:222,0
DA:237,0
DA:239,0
DA:240,0
DA:241,0
DA:243,0
DA:244,0
DA:245,0
DA:247,0
DA:248,0
DA:249,0
DA:250,0
DA:251,0
DA:253,0
DA:256,0
DA:269,0
DA:270,0
DA:276,0
DA:277,0
DA:278,0
DA:283,0
DA:284,0
DA:285,0
DA:294,0
DA:301,0
DA:302,0
DA:304,0
DA:313,0
DA:314,0
DA:316,0
DA:317,0
DA:321,0
DA:335,0
DA:336,0
DA:346,0
DA:349,0
DA:350,0
DA:352,0
DA:368,0
DA:370,0
DA:391,0
DA:392,0
DA:393,0
DA:397,0
DA:398,0
DA:402,0
DA:414,0
DA:416,0
DA:430,0
DA:431,0
DA:439,0
DA:441,0
DA:444,0
DA:445,0
DA:449,0
DA:452,0
DA:455,0
DA:456,0
DA:457,0
DA:460,0
DA:461,0
DA:463,0
DA:464,0
DA:468,0
DA:473,0
DA:475,0
DA:476,0
DA:477,0
DA:478,0
DA:481,0
DA:486,0
DA:489,0
DA:491,0
DA:492,0
DA:493,0
DA:497,0
DA:506,0
DA:507,0
DA:508,0
DA:511,0
DA:514,0
DA:515,0
DA:516,0
DA:517,0
DA:522,0
DA:538,0
DA:539,0
DA:540,0
DA:549,0
DA:550,0
DA:552,0
DA:556,0
DA:557,0
DA:558,0
DA:559,0
DA:571,0
DA:576,0
DA:579,0
DA:580,0
DA:581,0
DA:584,0
DA:587,0
DA:596,0
DA:615,0
DA:620,0
DA:624,0
DA:628,0
DA:633,0
DA:634,0
DA:635,0
DA:636,0
DA:637,0
DA:639,0
DA:644,0
DA:648,0
DA:649,0
DA:653,0
DA:657,0
DA:661,0
DA:662,0
DA:663,0
DA:666,0
DA:667,0
DA:668,0
DA:669,0
DA:673,0
DA:674,0
DA:675,0
DA:679,0
DA:680,0
DA:684,0
DA:688,0
DA:692,0
DA:717,1
LF:164
LH:14
BRDA:130,0,0,0
BRDA:131,1,0,0
BRDA:156,2,0,0
BRDA:156,2,1,0
BRDA:180,3,0,0
BRDA:180,3,1,0
BRDA:189,4,0,0
BRDA:189,4,1,0
BRDA:189,5,0,0
BRDA:189,5,1,0
BRDA:189,5,2,0
BRDA:201,6,0,0
BRDA:201,6,1,0
BRDA:202,7,0,0
BRDA:202,7,1,0
BRDA:206,8,0,0
BRDA:206,8,1,0
BRDA:237,9,0,0
BRDA:237,9,1,0
BRDA:237,9,2,0
BRDA:237,9,3,0
BRDA:316,10,0,0
BRDA:316,10,1,0
BRDA:316,11,0,0
BRDA:316,11,1,0
BRDA:379,12,0,0
BRDA:379,12,1,0
BRDA:381,13,0,0
BRDA:381,13,1,0
BRDA:392,14,0,0
BRDA:392,14,1,0
BRDA:392,15,0,0
BRDA:392,15,1,0
BRDA:397,16,0,0
BRDA:397,16,1,0
BRDA:402,17,0,0
BRDA:402,17,1,0
BRDA:410,18,0,0
BRDA:420,19,0,0
BRDA:420,19,1,0
BRDA:424,20,0,0
BRDA:424,20,1,0
BRDA:439,21,0,0
BRDA:439,21,1,0
BRDA:444,22,0,0
BRDA:444,22,1,0
BRDA:455,23,0,0
BRDA:455,23,1,0
BRDA:463,24,0,0
BRDA:463,24,1,0
BRDA:477,25,0,0
BRDA:477,25,1,0
BRDA:492,26,0,0
BRDA:492,26,1,0
BRDA:507,27,0,0
BRDA:507,27,1,0
BRDA:515,28,0,0
BRDA:515,28,1,0
BRDA:539,29,0,0
BRDA:539,29,1,0
BRDA:547,30,0,0
BRDA:568,31,0,0
BRDA:568,31,1,0
BRDA:581,32,0,0
BRDA:581,32,1,0
BRDA:662,33,0,0
BRDA:662,33,1,0
BRDA:674,34,0,0
BRDA:674,34,1,0
BRF:69
BRH:0
end_of_record
TN:
SF:api\documentVersionControl.ts
FN:19,(anonymous_0)
FN:28,(anonymous_1)
FN:60,(anonymous_2)
FN:140,(anonymous_3)
FN:184,(anonymous_4)
FN:204,(anonymous_5)
FN:205,(anonymous_6)
FN:221,(anonymous_7)
FN:264,(anonymous_8)
FN:276,(anonymous_9)
FN:312,(anonymous_10)
FN:361,(anonymous_11)
FN:408,(anonymous_12)
FN:496,(anonymous_13)
FN:512,(anonymous_14)
FN:524,(anonymous_15)
FN:544,(anonymous_16)
FN:550,(anonymous_17)
FN:561,(anonymous_18)
FN:628,(anonymous_19)
FN:647,(anonymous_20)
FN:653,(anonymous_21)
FN:656,(anonymous_22)
FN:660,(anonymous_23)
FN:670,(anonymous_24)
FN:672,(anonymous_25)
FN:674,(anonymous_26)
FN:686,(anonymous_27)
FN:688,(anonymous_28)
FN:689,(anonymous_29)
FN:693,(anonymous_30)
FN:704,(anonymous_31)
FN:722,(anonymous_32)
FN:748,(anonymous_33)
FN:754,(anonymous_34)
FN:777,(anonymous_35)
FN:778,(anonymous_36)
FN:779,(anonymous_37)
FN:785,(anonymous_38)
FN:799,(anonymous_39)
FN:812,(anonymous_40)
FN:814,(anonymous_41)
FN:815,(anonymous_42)
FN:816,(anonymous_43)
FN:821,(anonymous_44)
FN:831,(anonymous_45)
FN:842,(anonymous_46)
FN:846,(anonymous_47)
FN:851,(anonymous_48)
FN:855,(anonymous_49)
FN:859,(anonymous_50)
FN:861,(anonymous_51)
FN:864,(anonymous_52)
FN:868,(anonymous_53)
FN:871,(anonymous_54)
FN:872,(anonymous_55)
FN:879,(anonymous_56)
FN:896,(anonymous_57)
FNF:58
FNH:2
FNDA:1,(anonymous_0)
FNDA:1,(anonymous_1)
FNDA:0,(anonymous_2)
FNDA:0,(anonymous_3)
FNDA:0,(anonymous_4)
FNDA:0,(anonymous_5)
FNDA:0,(anonymous_6)
FNDA:0,(anonymous_7)
FNDA:0,(anonymous_8)
FNDA:0,(anonymous_9)
FNDA:0,(anonymous_10)
FNDA:0,(anonymous_11)
FNDA:0,(anonymous_12)
FNDA:0,(anonymous_13)
FNDA:0,(anonymous_14)
FNDA:0,(anonymous_15)
FNDA:0,(anonymous_16)
FNDA:0,(anonymous_17)
FNDA:0,(anonymous_18)
FNDA:0,(anonymous_19)
FNDA:0,(anonymous_20)
FNDA:0,(anonymous_21)
FNDA:0,(anonymous_22)
FNDA:0,(anonymous_23)
FNDA:0,(anonymous_24)
FNDA:0,(anonymous_25)
FNDA:0,(anonymous_26)
FNDA:0,(anonymous_27)
FNDA:0,(anonymous_28)
FNDA:0,(anonymous_29)
FNDA:0,(anonymous_30)
FNDA:0,(anonymous_31)
FNDA:0,(anonymous_32)
FNDA:0,(anonymous_33)
FNDA:0,(anonymous_34)
FNDA:0,(anonymous_35)
FNDA:0,(anonymous_36)
FNDA:0,(anonymous_37)
FNDA:0,(anonymous_38)
FNDA:0,(anonymous_39)
FNDA:0,(anonymous_40)
FNDA:0,(anonymous_41)
FNDA:0,(anonymous_42)
FNDA:0,(anonymous_43)
FNDA:0,(anonymous_44)
FNDA:0,(anonymous_45)
FNDA:0,(anonymous_46)
FNDA:0,(anonymous_47)
FNDA:0,(anonymous_48)
FNDA:0,(anonymous_49)
FNDA:0,(anonymous_50)
FNDA:0,(anonymous_51)
FNDA:0,(anonymous_52)
FNDA:0,(anonymous_53)
FNDA:0,(anonymous_54)
FNDA:0,(anonymous_55)
FNDA:0,(anonymous_56)
FNDA:0,(anonymous_57)
DA:13,1
DA:14,1
DA:15,1
DA:16,1
DA:20,1
DA:21,1
DA:24,1
DA:29,1
DA:56,1
DA:71,0
DA:74,0
DA:77,0
DA:80,0
DA:83,0
DA:90,0
DA:113,0
DA:116,0
DA:117,0
DA:118,0
DA:121,0
DA:134,0
DA:136,0
DA:145,0
DA:146,0
DA:148,0
DA:150,0
DA:177,0
DA:180,0
DA:190,0
DA:191,0
DA:192,0
DA:193,0
DA:203,0
DA:204,0
DA:205,0
DA:207,0
DA:208,0
DA:211,0
DA:212,0
DA:227,0
DA:228,0
DA:230,0
DA:233,0
DA:234,0
DA:237,0
DA:238,0
DA:241,0
DA:244,0
DA:251,0
DA:266,0
DA:267,0
DA:269,0
DA:272,0
DA:283,0
DA:285,0
DA:287,0
DA:298,0
DA:299,0
DA:300,0
DA:304,0
DA:305,0
DA:308,0
DA:313,0
DA:314,0
DA:315,0
DA:318,0
DA:320,0
DA:321,0
DA:322,0
DA:324,0
DA:325,0
DA:327,0
DA:335,0
DA:337,0
DA:344,0
DA:346,0
DA:357,0
DA:369,0
DA:370,0
DA:371,0
DA:375,0
DA:376,0
DA:377,0
DA:378,0
DA:381,0
DA:403,0
DA:404,0
DA:416,0
DA:417,0
DA:419,0
DA:420,0
DA:422,0
DA:423,0
DA:427,0
DA:430,0
DA:431,0
DA:433,0
DA:434,0
DA:438,0
DA:441,0
DA:443,0
DA:445,0
DA:454,0
DA:455,0
DA:456,0
DA:464,0
DA:474,0
DA:477,0
DA:478,0
DA:479,0
DA:482,0
DA:483,0
DA:484,0
DA:487,0
DA:497,0
DA:498,0
DA:501,0
DA:503,0
DA:504,0
DA:506,0
DA:516,0
DA:519,0
DA:520,0
DA:523,0
DA:524,0
DA:525,0
DA:529,0
DA:530,0
DA:540,0
DA:550,0
DA:572,0
DA:578,0
DA:584,0
DA:594,0
DA:621,0
DA:622,0
DA:624,0
DA:636,0
DA:638,0
DA:640,0
DA:642,0
DA:652,0
DA:653,0
DA:655,0
DA:656,0
DA:660,0
DA:662,0
DA:663,0
DA:666,0
DA:671,0
DA:672,0
DA:674,0
DA:687,0
DA:688,0
DA:689,0
DA:698,0
DA:699,0
DA:700,0
DA:704,0
DA:705,0
DA:706,0
DA:709,0
DA:718,0
DA:728,0
DA:729,0
DA:730,0
DA:734,0
DA:744,0
DA:749,0
DA:750,0
DA:755,0
DA:756,0
DA:758,0
DA:759,0
DA:762,0
DA:777,0
DA:778,0
DA:779,0
DA:786,0
DA:789,0
DA:790,0
DA:799,0
DA:800,0
DA:808,0
DA:813,0
DA:814,0
DA:815,0
DA:816,0
DA:823,0
DA:824,0
DA:825,0
DA:826,0
DA:828,0
DA:833,0
DA:834,0
DA:835,0
DA:836,0
DA:837,0
DA:839,0
DA:843,0
DA:847,0
DA:852,0
DA:856,0
DA:860,0
DA:861,0
DA:865,0
DA:869,0
DA:870,0
DA:871,0
DA:872,0
DA:873,0
DA:884,0
DA:886,0
DA:888,0
DA:890,0
DA:892,0
DA:898,0
DA:899,0
DA:901,0
DA:902,0
DA:904,0
DA:905,0
DA:906,0
DA:908,0
DA:909,0
DA:910,0
DA:911,0
DA:912,0
DA:913,0
DA:914,0
DA:915,0
DA:917,0
DA:921,0
DA:1000,1
LF:234
LH:10
BRDA:66,0,0,0
BRDA:129,1,0,0
BRDA:129,1,1,0
BRDA:148,2,0,0
BRDA:148,2,1,0
BRDA:160,3,0,0
BRDA:160,3,1,0
BRDA:171,4,0,0
BRDA:171,4,1,0
BRDA:190,5,0,0
BRDA:190,5,1,0
BRDA:192,6,0,0
BRDA:192,6,1,0
BRDA:204,7,0,0
BRDA:204,7,1,0
BRDA:207,8,0,0
BRDA:207,8,1,0
BRDA:227,9,0,0
BRDA:227,9,1,0
BRDA:237,10,0,0
BRDA:237,10,1,0
BRDA:266,11,0,0
BRDA:266,11,1,0
BRDA:285,12,0,0
BRDA:285,12,1,0
BRDA:291,13,0,0
BRDA:291,13,1,0
BRDA:299,14,0,0
BRDA:299,14,1,0
BRDA:305,15,0,0
BRDA:305,15,1,0
BRDA:324,16,0,0
BRDA:324,16,1,0
BRDA:325,17,0,0
BRDA:325,17,1,0
BRDA:325,18,0,0
BRDA:325,18,1,0
BRDA:335,19,0,0
BRDA:335,19,1,0
BRDA:335,20,0,0
BRDA:335,20,1,0
BRDA:344,21,0,0
BRDA:344,21,1,0
BRDA:344,22,0,0
BRDA:344,22,1,0
BRDA:364,23,0,0
BRDA:370,24,0,0
BRDA:370,24,1,0
BRDA:377,25,0,0
BRDA:377,25,1,0
BRDA:413,26,0,0
BRDA:422,27,0,0
BRDA:422,27,1,0
BRDA:422,28,0,0
BRDA:422,28,1,0
BRDA:433,29,0,0
BRDA:433,29,1,0
BRDA:433,30,0,0
BRDA:433,30,1,0
BRDA:443,31,0,0
BRDA:443,31,1,0
BRDA:443,32,0,0
BRDA:443,32,1,0
BRDA:443,32,2,0
BRDA:454,33,0,0
BRDA:454,33,1,0
BRDA:455,34,0,0
BRDA:455,34,1,0
BRDA:455,35,0,0
BRDA:455,35,1,0
BRDA:455,35,2,0
BRDA:482,36,0,0
BRDA:482,36,1,0
BRDA:482,37,0,0
BRDA:482,37,1,0
BRDA:498,38,0,0
BRDA:498,38,1,0
BRDA:503,39,0,0
BRDA:503,39,1,0
BRDA:503,40,0,0
BRDA:503,40,1,0
BRDA:525,41,0,0
BRDA:525,41,1,0
BRDA:529,42,0,0
BRDA:529,42,1,0
BRDA:532,43,0,0
BRDA:532,43,1,0
BRDA:553,44,0,0
BRDA:553,44,1,0
BRDA:636,45,0,0
BRDA:636,45,1,0
BRDA:636,45,2,0
BRDA:655,46,0,0
BRDA:655,46,1,0
BRDA:662,47,0,0
BRDA:662,47,1,0
BRDA:699,48,0,0
BRDA:699,48,1,0
BRDA:705,49,0,0
BRDA:705,49,1,0
BRDA:729,50,0,0
BRDA:729,50,1,0
BRDA:750,51,0,0
BRDA:750,51,1,0
BRDA:758,52,0,0
BRDA:758,52,1,0
BRDA:758,53,0,0
BRDA:758,53,1,0
BRDA:789,54,0,0
BRDA:789,54,1,0
BRDA:884,55,0,0
BRDA:884,55,1,0
BRDA:884,55,2,0
BRDA:884,55,3,0
BRDA:908,56,0,0
BRDA:908,56,1,0
BRDA:910,57,0,0
BRDA:910,57,1,0
BRDA:910,58,0,0
BRDA:910,58,1,0
BRDA:917,59,0,0
BRDA:917,59,1,0
BRF:122
BRH:0
end_of_record
TN:
SF:api\enhancedRabService.ts
FN:17,(anonymous_0)
FN:49,(anonymous_1)
FN:92,(anonymous_2)
FN:95,(anonymous_3)
FN:107,(anonymous_4)
FN:113,(anonymous_5)
FN:129,(anonymous_6)
FN:151,(anonymous_7)
FN:166,(anonymous_8)
FN:167,(anonymous_9)
FN:170,(anonymous_10)
FN:177,(anonymous_11)
FN:178,(anonymous_12)
FN:187,(anonymous_13)
FN:202,(anonymous_14)
FN:221,(anonymous_15)
FN:256,(anonymous_16)
FN:262,(anonymous_17)
FN:285,(anonymous_18)
FNF:19
FNH:0
FNDA:0,(anonymous_0)
FNDA:0,(anonymous_1)
FNDA:0,(anonymous_2)
FNDA:0,(anonymous_3)
FNDA:0,(anonymous_4)
FNDA:0,(anonymous_5)
FNDA:0,(anonymous_6)
FNDA:0,(anonymous_7)
FNDA:0,(anonymous_8)
FNDA:0,(anonymous_9)
FNDA:0,(anonymous_10)
FNDA:0,(anonymous_11)
FNDA:0,(anonymous_12)
FNDA:0,(anonymous_13)
FNDA:0,(anonymous_14)
FNDA:0,(anonymous_15)
FNDA:0,(anonymous_16)
FNDA:0,(anonymous_17)
FNDA:0,(anonymous_18)
DA:25,0
DA:26,0
DA:27,0
DA:28,0
DA:29,0
DA:31,0
DA:55,0
DA:56,0
DA:57,0
DA:58,0
DA:61,0
DA:64,0
DA:65,0
DA:66,0
DA:69,0
DA:70,0
DA:72,0
DA:73,0
DA:74,0
DA:76,0
DA:95,0
DA:111,0
DA:113,0
DA:114,0
DA:119,0
DA:120,0
DA:123,0
DA:136,0
DA:137,0
DA:140,0
DA:141,0
DA:142,0
DA:145,0
DA:157,0
DA:158,0
DA:166,0
DA:167,0
DA:170,0
DA:171,0
DA:174,0
DA:175,0
DA:177,0
DA:178,0
DA:180,0
DA:181,0
DA:183,0
DA:184,0
DA:187,0
DA:188,0
DA:189,0
DA:191,0
DA:203,0
DA:204,0
DA:205,0
DA:207,0
DA:208,0
DA:209,0
DA:211,0
DA:212,0
DA:215,0
DA:224,0
DA:227,0
DA:228,0
DA:229,0
DA:230,0
DA:243,0
DA:244,0
DA:256,0
DA:257,0
DA:261,0
DA:262,0
DA:265,0
DA:266,0
DA:267,0
DA:268,0
DA:270,0
DA:293,0
DA:296,0
DA:299,0
DA:300,0
DA:301,0
DA:304,0
DA:305,0
DA:328,0
DA:329,0
DA:342,0
DA:349,0
LF:87
LH:0
BRDA:19,0,0,0
BRDA:20,1,0,0
BRDA:21,2,0,0
BRDA:22,3,0,0
BRDA:23,4,0,0
BRDA:56,5,0,0
BRDA:56,5,1,0
BRDA:58,6,0,0
BRDA:58,6,1,0
BRDA:61,7,0,0
BRDA:61,7,1,0
BRDA:65,8,0,0
BRDA:65,8,1,0
BRDA:66,9,0,0
BRDA:66,9,1,0
BRDA:72,10,0,0
BRDA:72,10,1,0
BRDA:73,11,0,0
BRDA:73,11,1,0
BRDA:74,12,0,0
BRDA:74,12,1,0
BRDA:114,13,0,0
BRDA:114,13,1,0
BRDA:114,13,2,0
BRDA:133,14,0,0
BRDA:157,15,0,0
BRDA:157,15,1,0
BRDA:183,16,0,0
BRDA:183,16,1,0
BRDA:184,17,0,0
BRDA:184,17,1,0
BRDA:212,18,0,0
BRDA:212,18,1,0
BRDA:212,19,0,0
BRDA:212,19,1,0
BRDA:212,20,0,0
BRDA:212,20,1,0
BRDA:215,21,0,0
BRDA:215,21,1,0
BRDA:227,22,0,0
BRDA:227,22,1,0
BRDA:229,23,0,0
BRDA:229,23,1,0
BRDA:243,24,0,0
BRDA:243,24,1,0
BRDA:261,25,0,0
BRDA:261,25,1,0
BRDA:266,26,0,0
BRDA:266,26,1,0
BRDA:267,27,0,0
BRDA:267,27,1,0
BRDA:268,28,0,0
BRDA:268,28,1,0
BRDA:273,29,0,0
BRDA:273,29,1,0
BRDA:274,30,0,0
BRDA:274,30,1,0
BRDA:287,31,0,0
BRDA:304,32,0,0
BRDA:304,32,1,0
BRDA:328,33,0,0
BRDA:328,33,1,0
BRDA:328,34,0,0
BRDA:328,34,1,0
BRDA:332,35,0,0
BRDA:332,35,1,0
BRF:66
BRH:0
end_of_record
TN:
SF:api\evmService.ts
FN:26,(anonymous_0)
FN:84,(anonymous_1)
FN:91,(anonymous_2)
FN:93,(anonymous_3)
FN:122,(anonymous_4)
FN:150,(anonymous_5)
FN:151,(anonymous_6)
FN:159,(anonymous_7)
FN:160,(anonymous_8)
FN:166,(anonymous_9)
FN:167,(anonymous_10)
FN:173,(anonymous_11)
FN:195,(anonymous_12)
FN:201,(anonymous_13)
FN:206,(anonymous_14)
FN:234,(anonymous_15)
FN:248,(anonymous_16)
FN:279,(anonymous_17)
FN:308,(anonymous_18)
FN:314,(anonymous_19)
FN:324,(anonymous_20)
FN:328,(anonymous_21)
FN:365,(anonymous_22)
FN:380,(anonymous_23)
FNF:24
FNH:0
FNDA:0,(anonymous_0)
FNDA:0,(anonymous_1)
FNDA:0,(anonymous_2)
FNDA:0,(anonymous_3)
FNDA:0,(anonymous_4)
FNDA:0,(anonymous_5)
FNDA:0,(anonymous_6)
FNDA:0,(anonymous_7)
FNDA:0,(anonymous_8)
FNDA:0,(anonymous_9)
FNDA:0,(anonymous_10)
FNDA:0,(anonymous_11)
FNDA:0,(anonymous_12)
FNDA:0,(anonymous_13)
FNDA:0,(anonymous_14)
FNDA:0,(anonymous_15)
FNDA:0,(anonymous_16)
FNDA:0,(anonymous_17)
FNDA:0,(anonymous_18)
FNDA:0,(anonymous_19)
FNDA:0,(anonymous_20)
FNDA:0,(anonymous_21)
FNDA:0,(anonymous_22)
FNDA:0,(anonymous_23)
DA:30,0
DA:33,0
DA:36,0
DA:37,0
DA:38,0
DA:41,0
DA:42,0
DA:45,0
DA:46,0
DA:49,0
DA:50,0
DA:51,0
DA:54,0
DA:57,0
DA:58,0
DA:60,0
DA:91,0
DA:93,0
DA:94,0
DA:97,0
DA:100,0
DA:103,0
DA:106,0
DA:108,0
DA:127,0
DA:128,0
DA:131,0
DA:132,0
DA:136,0
DA:137,0
DA:141,0
DA:142,0
DA:144,0
DA:151,0
DA:152,0
DA:160,0
DA:167,0
DA:180,0
DA:182,0
DA:183,0
DA:185,0
DA:188,0
DA:201,0
DA:202,0
DA:203,0
DA:206,0
DA:207,0
DA:208,0
DA:211,0
DA:212,0
DA:215,0
DA:216,0
DA:217,0
DA:220,0
DA:221,0
DA:225,0
DA:238,0
DA:240,0
DA:241,0
DA:242,0
DA:255,0
DA:256,0
DA:257,0
DA:260,0
DA:261,0
DA:264,0
DA:267,0
DA:273,0
DA:286,0
DA:288,0
DA:289,0
DA:298,0
DA:308,0
DA:323,0
DA:326,0
DA:328,0
DA:331,0
DA:332,0
DA:333,0
DA:335,0
DA:338,0
DA:340,0
DA:341,0
DA:342,0
DA:345,0
DA:346,0
DA:347,0
DA:350,0
DA:351,0
DA:352,0
DA:355,0
DA:380,0
DA:381,0
DA:382,0
DA:385,0
DA:388,0
DA:392,0
DA:395,0
DA:396,0
DA:399,0
DA:414,0
LF:101
LH:0
BRDA:41,0,0,0
BRDA:41,0,1,0
BRDA:42,1,0,0
BRDA:42,1,1,0
BRDA:94,2,0,0
BRDA:94,2,1,0
BRDA:106,3,0,0
BRDA:106,3,1,0
BRDA:127,4,0,0
BRDA:127,4,1,0
BRDA:128,5,0,0
BRDA:128,5,1,0
BRDA:131,6,0,0
BRDA:131,6,1,0
BRDA:136,7,0,0
BRDA:136,7,1,0
BRDA:144,8,0,0
BRDA:144,8,1,0
BRDA:180,9,0,0
BRDA:180,9,1,0
BRDA:183,10,0,0
BRDA:183,10,1,0
BRDA:202,11,0,0
BRDA:202,11,1,0
BRDA:203,12,0,0
BRDA:203,12,1,0
BRDA:207,13,0,0
BRDA:207,13,1,0
BRDA:208,14,0,0
BRDA:208,14,1,0
BRDA:215,15,0,0
BRDA:215,15,1,0
BRDA:221,16,0,0
BRDA:221,16,1,0
BRDA:240,17,0,0
BRDA:240,17,1,0
BRDA:241,18,0,0
BRDA:241,18,1,0
BRDA:264,19,0,0
BRDA:264,19,1,0
BRDA:326,20,0,0
BRDA:326,20,1,0
BRDA:333,21,0,0
BRDA:333,21,1,0
BRDA:340,22,0,0
BRDA:340,22,1,0
BRDA:345,23,0,0
BRDA:345,23,1,0
BRDA:350,24,0,0
BRDA:350,24,1,0
BRDA:381,25,0,0
BRDA:381,25,1,0
BRDA:382,26,0,0
BRDA:382,26,1,0
BRDA:388,27,0,0
BRDA:388,27,1,0
BRF:56
BRH:0
end_of_record
TN:
SF:api\financialForecastingService.ts
FN:28,(anonymous_0)
FN:74,(anonymous_1)
FN:84,(anonymous_2)
FN:89,(anonymous_3)
FN:121,(anonymous_4)
FN:145,(anonymous_5)
FN:166,(anonymous_6)
FN:176,(anonymous_7)
FN:208,(anonymous_8)
FN:228,(anonymous_9)
FN:232,(anonymous_10)
FN:233,(anonymous_11)
FN:234,(anonymous_12)
FN:286,(anonymous_13)
FN:295,(anonymous_14)
FN:296,(anonymous_15)
FN:314,(anonymous_16)
FN:327,(anonymous_17)
FN:345,(anonymous_18)
FN:348,(anonymous_19)
FN:367,(anonymous_20)
FN:373,(anonymous_21)
FN:388,(anonymous_22)
FN:396,(anonymous_23)
FN:402,(anonymous_24)
FN:413,(anonymous_25)
FN:416,(anonymous_26)
FN:417,(anonymous_27)
FN:422,(anonymous_28)
FN:430,(anonymous_29)
FN:431,(anonymous_30)
FN:432,(anonymous_31)
FN:438,(anonymous_32)
FN:449,(anonymous_33)
FNF:34
FNH:0
FNDA:0,(anonymous_0)
FNDA:0,(anonymous_1)
FNDA:0,(anonymous_2)
FNDA:0,(anonymous_3)
FNDA:0,(anonymous_4)
FNDA:0,(anonymous_5)
FNDA:0,(anonymous_6)
FNDA:0,(anonymous_7)
FNDA:0,(anonymous_8)
FNDA:0,(anonymous_9)
FNDA:0,(anonymous_10)
FNDA:0,(anonymous_11)
FNDA:0,(anonymous_12)
FNDA:0,(anonymous_13)
FNDA:0,(anonymous_14)
FNDA:0,(anonymous_15)
FNDA:0,(anonymous_16)
FNDA:0,(anonymous_17)
FNDA:0,(anonymous_18)
FNDA:0,(anonymous_19)
FNDA:0,(anonymous_20)
FNDA:0,(anonymous_21)
FNDA:0,(anonymous_22)
FNDA:0,(anonymous_23)
FNDA:0,(anonymous_24)
FNDA:0,(anonymous_25)
FNDA:0,(anonymous_26)
FNDA:0,(anonymous_27)
FNDA:0,(anonymous_28)
FNDA:0,(anonymous_29)
FNDA:0,(anonymous_30)
FNDA:0,(anonymous_31)
FNDA:0,(anonymous_32)
FNDA:0,(anonymous_33)
DA:32,0
DA:35,0
DA:38,0
DA:45,0
DA:48,0
DA:51,0
DA:57,0
DA:75,0
DA:76,0
DA:84,0
DA:85,0
DA:88,0
DA:89,0
DA:91,0
DA:92,0
DA:94,0
DA:95,0
DA:96,0
DA:99,0
DA:102,0
DA:105,0
DA:108,0
DA:110,0
DA:132,0
DA:134,0
DA:136,0
DA:137,0
DA:138,0
DA:140,0
DA:142,0
DA:145,0
DA:151,0
DA:169,0
DA:172,0
DA:176,0
DA:190,0
DA:204,0
DA:208,0
DA:222,0
DA:232,0
DA:233,0
DA:234,0
DA:236,0
DA:237,0
DA:240,0
DA:241,0
DA:242,0
DA:244,0
DA:245,0
DA:247,0
DA:291,0
DA:293,0
DA:294,0
DA:295,0
DA:296,0
DA:298,0
DA:300,0
DA:301,0
DA:304,0
DA:305,0
DA:307,0
DA:314,0
DA:321,0
DA:331,0
DA:333,0
DA:334,0
DA:335,0
DA:336,0
DA:339,0
DA:340,0
DA:341,0
DA:342,0
DA:345,0
DA:346,0
DA:347,0
DA:348,0
DA:349,0
DA:350,0
DA:351,0
DA:353,0
DA:354,0
DA:355,0
DA:360,0
DA:361,0
DA:363,0
DA:368,0
DA:370,0
DA:372,0
DA:373,0
DA:375,0
DA:376,0
DA:377,0
DA:379,0
DA:380,0
DA:381,0
DA:382,0
DA:385,0
DA:389,0
DA:391,0
DA:393,0
DA:394,0
DA:396,0
DA:397,0
DA:398,0
DA:399,0
DA:402,0
DA:404,0
DA:405,0
DA:406,0
DA:410,0
DA:414,0
DA:416,0
DA:417,0
DA:419,0
DA:423,0
DA:425,0
DA:426,0
DA:427,0
DA:431,0
DA:432,0
DA:435,0
DA:439,0
DA:442,0
DA:443,0
DA:444,0
DA:446,0
DA:450,0
DA:456,0
DA:457,0
DA:462,0
DA:463,0
DA:472,0
LF:132
LH:0
BRDA:75,0,0,0
BRDA:75,0,1,0
BRDA:99,1,0,0
BRDA:99,1,1,0
BRDA:236,2,0,0
BRDA:236,2,1,0
BRDA:236,3,0,0
BRDA:236,3,1,0
BRDA:236,3,2,0
BRDA:255,4,0,0
BRDA:255,4,1,0
BRDA:298,5,0,0
BRDA:298,5,1,0
BRDA:298,6,0,0
BRDA:298,6,1,0
BRDA:333,7,0,0
BRDA:333,7,1,0
BRDA:339,8,0,0
BRDA:339,8,1,0
BRDA:346,9,0,0
BRDA:346,9,1,0
BRDA:349,10,0,0
BRDA:349,10,1,0
BRDA:353,11,0,0
BRDA:353,11,1,0
BRDA:368,12,0,0
BRDA:368,12,1,0
BRDA:385,13,0,0
BRDA:385,13,1,0
BRDA:391,14,0,0
BRDA:391,14,1,0
BRDA:405,15,0,0
BRDA:405,15,1,0
BRDA:414,16,0,0
BRDA:414,16,1,0
BRDA:425,17,0,0
BRDA:425,17,1,0
BRDA:426,18,0,0
BRDA:426,18,1,0
BRDA:431,19,0,0
BRDA:431,19,1,0
BRDA:432,20,0,0
BRDA:432,20,1,0
BRDA:439,21,0,0
BRDA:439,21,1,0
BRDA:456,22,0,0
BRDA:456,22,1,0
BRDA:462,23,0,0
BRDA:462,23,1,0
BRF:49
BRH:0
end_of_record
TN:
SF:api\intelligentDocumentService-OLD.ts
FN:29,(anonymous_0)
FN:34,(anonymous_1)
FN:47,(anonymous_2)
FN:55,(anonymous_3)
FN:63,(anonymous_4)
FN:172,(anonymous_5)
FN:228,(anonymous_6)
FN:272,(anonymous_7)
FN:274,(anonymous_8)
FN:280,(anonymous_9)
FN:285,(anonymous_10)
FN:305,(anonymous_11)
FN:306,(anonymous_12)
FN:333,(anonymous_13)
FN:355,(anonymous_14)
FN:377,(anonymous_15)
FN:382,(anonymous_16)
FN:383,(anonymous_17)
FN:384,(anonymous_18)
FN:405,(anonymous_19)
FN:406,(anonymous_20)
FN:406,(anonymous_21)
FN:430,(anonymous_22)
FN:477,(anonymous_23)
FN:529,(anonymous_24)
FN:557,(anonymous_25)
FN:578,(anonymous_26)
FN:628,(anonymous_27)
FN:638,(anonymous_28)
FN:642,(anonymous_29)
FN:657,(anonymous_30)
FN:667,(anonymous_31)
FN:676,(anonymous_32)
FN:695,(anonymous_33)
FN:699,(anonymous_34)
FN:703,(anonymous_35)
FN:727,(anonymous_36)
FN:741,(anonymous_37)
FN:754,(anonymous_38)
FN:768,(anonymous_39)
FN:805,(anonymous_40)
FN:807,(anonymous_41)
FN:811,(anonymous_42)
FN:824,(anonymous_43)
FN:829,(anonymous_44)
FN:858,(anonymous_45)
FN:863,(anonymous_46)
FN:868,(anonymous_47)
FN:873,(anonymous_48)
FN:892,(anonymous_49)
FN:893,(anonymous_50)
FN:907,(anonymous_51)
FN:913,(anonymous_52)
FN:917,(anonymous_53)
FN:918,(anonymous_54)
FN:921,(anonymous_55)
FN:922,(anonymous_56)
FN:925,(anonymous_57)
FN:926,(anonymous_58)
FN:929,(anonymous_59)
FN:934,(anonymous_60)
FN:950,(anonymous_61)
FN:966,(anonymous_62)
FN:979,(anonymous_63)
FN:992,(anonymous_64)
FN:1011,(anonymous_65)
FN:1030,(anonymous_66)
FN:1035,(anonymous_67)
FN:1039,(anonymous_68)
FN:1052,(anonymous_69)
FN:1059,(anonymous_70)
FN:1063,(anonymous_71)
FN:1088,(anonymous_72)
FN:1095,(anonymous_73)
FN:1099,(anonymous_74)
FN:1101,(anonymous_75)
FN:1110,(anonymous_76)
FN:1117,(anonymous_77)
FN:1121,(anonymous_78)
FN:1138,(anonymous_79)
FNF:80
FNH:0
FNDA:0,(anonymous_0)
FNDA:0,(anonymous_1)
FNDA:0,(anonymous_2)
FNDA:0,(anonymous_3)
FNDA:0,(anonymous_4)
FNDA:0,(anonymous_5)
FNDA:0,(anonymous_6)
FNDA:0,(anonymous_7)
FNDA:0,(anonymous_8)
FNDA:0,(anonymous_9)
FNDA:0,(anonymous_10)
FNDA:0,(anonymous_11)
FNDA:0,(anonymous_12)
FNDA:0,(anonymous_13)
FNDA:0,(anonymous_14)
FNDA:0,(anonymous_15)
FNDA:0,(anonymous_16)
FNDA:0,(anonymous_17)
FNDA:0,(anonymous_18)
FNDA:0,(anonymous_19)
FNDA:0,(anonymous_20)
FNDA:0,(anonymous_21)
FNDA:0,(anonymous_22)
FNDA:0,(anonymous_23)
FNDA:0,(anonymous_24)
FNDA:0,(anonymous_25)
FNDA:0,(anonymous_26)
FNDA:0,(anonymous_27)
FNDA:0,(anonymous_28)
FNDA:0,(anonymous_29)
FNDA:0,(anonymous_30)
FNDA:0,(anonymous_31)
FNDA:0,(anonymous_32)
FNDA:0,(anonymous_33)
FNDA:0,(anonymous_34)
FNDA:0,(anonymous_35)
FNDA:0,(anonymous_36)
FNDA:0,(anonymous_37)
FNDA:0,(anonymous_38)
FNDA:0,(anonymous_39)
FNDA:0,(anonymous_40)
FNDA:0,(anonymous_41)
FNDA:0,(anonymous_42)
FNDA:0,(anonymous_43)
FNDA:0,(anonymous_44)
FNDA:0,(anonymous_45)
FNDA:0,(anonymous_46)
FNDA:0,(anonymous_47)
FNDA:0,(anonymous_48)
FNDA:0,(anonymous_49)
FNDA:0,(anonymous_50)
FNDA:0,(anonymous_51)
FNDA:0,(anonymous_52)
FNDA:0,(anonymous_53)
FNDA:0,(anonymous_54)
FNDA:0,(anonymous_55)
FNDA:0,(anonymous_56)
FNDA:0,(anonymous_57)
FNDA:0,(anonymous_58)
FNDA:0,(anonymous_59)
FNDA:0,(anonymous_60)
FNDA:0,(anonymous_61)
FNDA:0,(anonymous_62)
FNDA:0,(anonymous_63)
FNDA:0,(anonymous_64)
FNDA:0,(anonymous_65)
FNDA:0,(anonymous_66)
FNDA:0,(anonymous_67)
FNDA:0,(anonymous_68)
FNDA:0,(anonymous_69)
FNDA:0,(anonymous_70)
FNDA:0,(anonymous_71)
FNDA:0,(anonymous_72)
FNDA:0,(anonymous_73)
FNDA:0,(anonymous_74)
FNDA:0,(anonymous_75)
FNDA:0,(anonymous_76)
FNDA:0,(anonymous_77)
FNDA:0,(anonymous_78)
FNDA:0,(anonymous_79)
DA:23,0
DA:24,0
DA:25,0
DA:26,0
DA:27,0
DA:30,0
DA:35,0
DA:38,0
DA:41,0
DA:43,0
DA:73,0
DA:76,0
DA:77,0
DA:78,0
DA:86,0
DA:90,0
DA:155,0
DA:158,0
DA:159,0
DA:163,0
DA:166,0
DA:168,0
DA:173,0
DA:175,0
DA:176,0
DA:177,0
DA:178,0
DA:181,0
DA:184,0
DA:185,0
DA:186,0
DA:189,0
DA:190,0
DA:193,0
DA:194,0
DA:197,0
DA:198,0
DA:201,0
DA:202,0
DA:204,0
DA:206,0
DA:209,0
DA:223,0
DA:232,0
DA:235,0
DA:253,0
DA:254,0
DA:257,0
DA:258,0
DA:261,0
DA:262,0
DA:265,0
DA:266,0
DA:268,0
DA:274,0
DA:275,0
DA:276,0
DA:281,0
DA:284,0
DA:285,0
DA:286,0
DA:287,0
DA:304,0
DA:305,0
DA:306,0
DA:307,0
DA:308,0
DA:309,0
DA:312,0
DA:313,0
DA:329,0
DA:334,0
DA:337,0
DA:338,0
DA:354,0
DA:355,0
DA:357,0
DA:358,0
DA:373,0
DA:378,0
DA:381,0
DA:382,0
DA:383,0
DA:384,0
DA:386,0
DA:387,0
DA:404,0
DA:405,0
DA:406,0
DA:409,0
DA:410,0
DA:426,0
DA:431,0
DA:434,0
DA:435,0
DA:436,0
DA:437,0
DA:457,0
DA:458,0
DA:473,0
DA:486,0
DA:487,0
DA:489,0
DA:490,0
DA:494,0
DA:505,0
DA:506,0
DA:510,0
DA:519,0
DA:520,0
DA:521,0
DA:523,0
DA:525,0
DA:536,0
DA:537,0
DA:538,0
DA:542,0
DA:545,0
DA:553,0
DA:554,0
DA:557,0
DA:570,0
DA:571,0
DA:574,0
DA:585,0
DA:586,0
DA:587,0
DA:591,0
DA:603,0
DA:606,0
DA:608,0
DA:609,0
DA:611,0
DA:612,0
DA:613,0
DA:616,0
DA:621,0
DA:623,0
DA:624,0
DA:635,0
DA:637,0
DA:640,0
DA:642,0
DA:645,0
DA:648,0
DA:651,0
DA:653,0
DA:657,0
DA:658,0
DA:659,0
DA:660,0
DA:663,0
DA:668,0
DA:671,0
DA:672,0
DA:676,0
DA:677,0
DA:679,0
DA:682,0
DA:683,0
DA:686,0
DA:687,0
DA:688,0
DA:691,0
DA:696,0
DA:700,0
DA:704,0
DA:711,0
DA:712,0
DA:713,0
DA:724,0
DA:728,0
DA:742,0
DA:755,0
DA:757,0
DA:769,0
DA:771,0
DA:790,0
DA:801,0
DA:806,0
DA:807,0
DA:808,0
DA:812,0
DA:814,0
DA:816,0
DA:818,0
DA:820,0
DA:825,0
DA:831,0
DA:854,0
DA:855,0
DA:860,0
DA:865,0
DA:870,0
DA:874,0
DA:889,0
DA:893,0
DA:904,0
DA:909,0
DA:914,0
DA:918,0
DA:922,0
DA:926,0
DA:930,0
DA:935,0
DA:936,0
DA:937,0
DA:941,0
DA:942,0
DA:943,0
DA:944,0
DA:946,0
DA:947,0
DA:951,0
DA:952,0
DA:953,0
DA:957,0
DA:958,0
DA:961,0
DA:963,0
DA:967,0
DA:968,0
DA:969,0
DA:973,0
DA:974,0
DA:976,0
DA:980,0
DA:981,0
DA:982,0
DA:985,0
DA:986,0
DA:987,0
DA:989,0
DA:993,0
DA:994,0
DA:995,0
DA:999,0
DA:1005,0
DA:1006,0
DA:1008,0
DA:1012,0
DA:1013,0
DA:1014,0
DA:1018,0
DA:1019,0
DA:1020,0
DA:1021,0
DA:1024,0
DA:1031,0
DA:1032,0
DA:1036,0
DA:1040,0
DA:1041,0
DA:1042,0
DA:1043,0
DA:1044,0
DA:1045,0
DA:1047,0
DA:1053,0
DA:1054,0
DA:1055,0
DA:1056,0
DA:1060,0
DA:1064,0
DA:1065,0
DA:1067,0
DA:1083,0
DA:1084,0
DA:1089,0
DA:1090,0
DA:1091,0
DA:1092,0
DA:1096,0
DA:1100,0
DA:1101,0
DA:1102,0
DA:1103,0
DA:1104,0
DA:1105,0
DA:1111,0
DA:1112,0
DA:1113,0
DA:1114,0
DA:1118,0
DA:1122,0
DA:1123,0
DA:1124,0
DA:1125,0
DA:1126,0
DA:1127,0
DA:1128,0
DA:1130,0
DA:1132,0
DA:1134,0
DA:1140,0
DA:1145,0
LF:296
LH:0
BRDA:77,0,0,0
BRDA:77,0,1,0
BRDA:101,1,0,0
BRDA:101,1,1,0
BRDA:102,2,0,0
BRDA:102,2,1,0
BRDA:103,3,0,0
BRDA:103,3,1,0
BRDA:107,4,0,0
BRDA:107,4,1,0
BRDA:118,5,0,0
BRDA:118,5,1,0
BRDA:158,6,0,0
BRDA:158,6,1,0
BRDA:284,7,0,0
BRDA:284,7,1,0
BRDA:286,8,0,0
BRDA:286,8,1,0
BRDA:304,9,0,0
BRDA:304,9,1,0
BRDA:309,10,0,0
BRDA:309,10,1,0
BRDA:312,11,0,0
BRDA:312,11,1,0
BRDA:337,12,0,0
BRDA:337,12,1,0
BRDA:337,13,0,0
BRDA:337,13,1,0
BRDA:337,13,2,0
BRDA:357,14,0,0
BRDA:357,14,1,0
BRDA:381,15,0,0
BRDA:381,15,1,0
BRDA:386,16,0,0
BRDA:386,16,1,0
BRDA:404,17,0,0
BRDA:404,17,1,0
BRDA:406,18,0,0
BRDA:406,18,1,0
BRDA:409,19,0,0
BRDA:409,19,1,0
BRDA:434,20,0,0
BRDA:434,20,1,0
BRDA:434,21,0,0
BRDA:434,21,1,0
BRDA:436,22,0,0
BRDA:436,22,1,0
BRDA:457,23,0,0
BRDA:457,23,1,0
BRDA:489,24,0,0
BRDA:489,24,1,0
BRDA:505,25,0,0
BRDA:505,25,1,0
BRDA:532,26,0,0
BRDA:534,27,0,0
BRDA:537,28,0,0
BRDA:537,28,1,0
BRDA:583,29,0,0
BRDA:586,30,0,0
BRDA:586,30,1,0
BRDA:606,31,0,0
BRDA:606,31,1,0
BRDA:611,32,0,0
BRDA:611,32,1,0
BRDA:633,33,0,0
BRDA:640,34,0,0
BRDA:640,34,1,0
BRDA:640,34,2,0
BRDA:645,35,0,0
BRDA:645,35,1,0
BRDA:648,36,0,0
BRDA:648,36,1,0
BRDA:651,37,0,0
BRDA:651,37,1,0
BRDA:653,38,0,0
BRDA:653,38,1,0
BRDA:653,38,2,0
BRDA:653,38,3,0
BRDA:671,39,0,0
BRDA:671,39,1,0
BRDA:682,40,0,0
BRDA:682,40,1,0
BRDA:687,41,0,0
BRDA:687,41,1,0
BRDA:711,42,0,0
BRDA:711,42,1,0
BRDA:736,43,0,0
BRDA:736,43,1,0
BRDA:769,44,0,0
BRDA:769,44,1,0
BRDA:769,44,2,0
BRDA:812,45,0,0
BRDA:812,45,1,0
BRDA:812,45,2,0
BRDA:812,45,3,0
BRDA:825,46,0,0
BRDA:825,46,1,0
BRDA:826,47,0,0
BRDA:826,47,1,0
BRDA:854,48,0,0
BRDA:854,48,1,0
BRDA:936,49,0,0
BRDA:936,49,1,0
BRDA:952,50,0,0
BRDA:952,50,1,0
BRDA:968,51,0,0
BRDA:968,51,1,0
BRDA:981,52,0,0
BRDA:981,52,1,0
BRDA:994,53,0,0
BRDA:994,53,1,0
BRDA:1013,54,0,0
BRDA:1013,54,1,0
BRDA:1018,55,0,0
BRDA:1018,55,1,0
BRDA:1041,56,0,0
BRDA:1041,56,1,0
BRDA:1041,57,0,0
BRDA:1041,57,1,0
BRDA:1043,58,0,0
BRDA:1043,58,1,0
BRDA:1053,59,0,0
BRDA:1053,59,1,0
BRDA:1060,60,0,0
BRDA:1060,60,1,0
BRDA:1065,61,0,0
BRDA:1065,61,1,0
BRDA:1089,62,0,0
BRDA:1089,62,1,0
BRDA:1096,63,0,0
BRDA:1096,63,1,0
BRDA:1100,64,0,0
BRDA:1100,64,1,0
BRDA:1102,65,0,0
BRDA:1102,65,1,0
BRDA:1111,66,0,0
BRDA:1111,66,1,0
BRDA:1118,67,0,0
BRDA:1118,67,1,0
BRDA:1122,68,0,0
BRDA:1122,68,1,0
BRDA:1125,69,0,0
BRDA:1125,69,1,0
BRDA:1127,70,0,0
BRDA:1127,70,1,0
BRF:145
BRH:0
end_of_record
TN:
SF:api\intelligentDocumentService-before-firebase.ts
FN:33,(anonymous_0)
FN:48,(anonymous_1)
FN:69,(anonymous_2)
FN:93,(anonymous_3)
FN:98,(anonymous_4)
FN:116,(anonymous_5)
FN:131,(anonymous_6)
FN:146,(anonymous_7)
FN:186,(anonymous_8)
FN:275,(anonymous_9)
FN:303,(anonymous_10)
FN:311,(anonymous_11)
FN:374,(anonymous_12)
FN:418,(anonymous_13)
FN:420,(anonymous_14)
FN:426,(anonymous_15)
FN:431,(anonymous_16)
FN:451,(anonymous_17)
FN:452,(anonymous_18)
FN:479,(anonymous_19)
FN:501,(anonymous_20)
FN:523,(anonymous_21)
FN:528,(anonymous_22)
FN:529,(anonymous_23)
FN:530,(anonymous_24)
FN:551,(anonymous_25)
FN:552,(anonymous_26)
FN:552,(anonymous_27)
FN:576,(anonymous_28)
FN:623,(anonymous_29)
FN:675,(anonymous_30)
FN:703,(anonymous_31)
FN:724,(anonymous_32)
FN:774,(anonymous_33)
FN:784,(anonymous_34)
FN:788,(anonymous_35)
FN:803,(anonymous_36)
FN:813,(anonymous_37)
FN:822,(anonymous_38)
FN:841,(anonymous_39)
FN:845,(anonymous_40)
FN:849,(anonymous_41)
FN:873,(anonymous_42)
FN:887,(anonymous_43)
FN:900,(anonymous_44)
FN:914,(anonymous_45)
FN:951,(anonymous_46)
FN:953,(anonymous_47)
FN:957,(anonymous_48)
FN:970,(anonymous_49)
FN:975,(anonymous_50)
FN:1004,(anonymous_51)
FN:1009,(anonymous_52)
FN:1014,(anonymous_53)
FN:1019,(anonymous_54)
FN:1038,(anonymous_55)
FN:1039,(anonymous_56)
FN:1053,(anonymous_57)
FN:1060,(anonymous_58)
FN:1079,(anonymous_59)
FN:1086,(anonymous_60)
FN:1099,(anonymous_61)
FN:1104,(anonymous_62)
FN:1117,(anonymous_63)
FN:1122,(anonymous_64)
FN:1135,(anonymous_65)
FN:1140,(anonymous_66)
FN:1166,(anonymous_67)
FN:1201,(anonymous_68)
FN:1214,(anonymous_69)
FN:1227,(anonymous_70)
FN:1246,(anonymous_71)
FN:1265,(anonymous_72)
FN:1270,(anonymous_73)
FN:1274,(anonymous_74)
FN:1287,(anonymous_75)
FN:1294,(anonymous_76)
FN:1298,(anonymous_77)
FN:1323,(anonymous_78)
FN:1330,(anonymous_79)
FN:1334,(anonymous_80)
FN:1336,(anonymous_81)
FN:1345,(anonymous_82)
FN:1352,(anonymous_83)
FN:1356,(anonymous_84)
FN:1373,(anonymous_85)
FNF:86
FNH:0
FNDA:0,(anonymous_0)
FNDA:0,(anonymous_1)
FNDA:0,(anonymous_2)
FNDA:0,(anonymous_3)
FNDA:0,(anonymous_4)
FNDA:0,(anonymous_5)
FNDA:0,(anonymous_6)
FNDA:0,(anonymous_7)
FNDA:0,(anonymous_8)
FNDA:0,(anonymous_9)
FNDA:0,(anonymous_10)
FNDA:0,(anonymous_11)
FNDA:0,(anonymous_12)
FNDA:0,(anonymous_13)
FNDA:0,(anonymous_14)
FNDA:0,(anonymous_15)
FNDA:0,(anonymous_16)
FNDA:0,(anonymous_17)
FNDA:0,(anonymous_18)
FNDA:0,(anonymous_19)
FNDA:0,(anonymous_20)
FNDA:0,(anonymous_21)
FNDA:0,(anonymous_22)
FNDA:0,(anonymous_23)
FNDA:0,(anonymous_24)
FNDA:0,(anonymous_25)
FNDA:0,(anonymous_26)
FNDA:0,(anonymous_27)
FNDA:0,(anonymous_28)
FNDA:0,(anonymous_29)
FNDA:0,(anonymous_30)
FNDA:0,(anonymous_31)
FNDA:0,(anonymous_32)
FNDA:0,(anonymous_33)
FNDA:0,(anonymous_34)
FNDA:0,(anonymous_35)
FNDA:0,(anonymous_36)
FNDA:0,(anonymous_37)
FNDA:0,(anonymous_38)
FNDA:0,(anonymous_39)
FNDA:0,(anonymous_40)
FNDA:0,(anonymous_41)
FNDA:0,(anonymous_42)
FNDA:0,(anonymous_43)
FNDA:0,(anonymous_44)
FNDA:0,(anonymous_45)
FNDA:0,(anonymous_46)
FNDA:0,(anonymous_47)
FNDA:0,(anonymous_48)
FNDA:0,(anonymous_49)
FNDA:0,(anonymous_50)
FNDA:0,(anonymous_51)
FNDA:0,(anonymous_52)
FNDA:0,(anonymous_53)
FNDA:0,(anonymous_54)
FNDA:0,(anonymous_55)
FNDA:0,(anonymous_56)
FNDA:0,(anonymous_57)
FNDA:0,(anonymous_58)
FNDA:0,(anonymous_59)
FNDA:0,(anonymous_60)
FNDA:0,(anonymous_61)
FNDA:0,(anonymous_62)
FNDA:0,(anonymous_63)
FNDA:0,(anonymous_64)
FNDA:0,(anonymous_65)
FNDA:0,(anonymous_66)
FNDA:0,(anonymous_67)
FNDA:0,(anonymous_68)
FNDA:0,(anonymous_69)
FNDA:0,(anonymous_70)
FNDA:0,(anonymous_71)
FNDA:0,(anonymous_72)
FNDA:0,(anonymous_73)
FNDA:0,(anonymous_74)
FNDA:0,(anonymous_75)
FNDA:0,(anonymous_76)
FNDA:0,(anonymous_77)
FNDA:0,(anonymous_78)
FNDA:0,(anonymous_79)
FNDA:0,(anonymous_80)
FNDA:0,(anonymous_81)
FNDA:0,(anonymous_82)
FNDA:0,(anonymous_83)
FNDA:0,(anonymous_84)
FNDA:0,(anonymous_85)
DA:28,0
DA:33,0
DA:34,0
DA:35,0
DA:36,0
DA:48,0
DA:49,0
DA:56,0
DA:57,0
DA:69,0
DA:70,0
DA:75,0
DA:76,0
DA:87,0
DA:88,0
DA:89,0
DA:90,0
DA:91,0
DA:94,0
DA:99,0
DA:100,0
DA:103,0
DA:106,0
DA:108,0
DA:110,0
DA:117,0
DA:118,0
DA:124,0
DA:132,0
DA:133,0
DA:139,0
DA:155,0
DA:157,0
DA:158,0
DA:160,0
DA:161,0
DA:163,0
DA:164,0
DA:165,0
DA:167,0
DA:168,0
DA:171,0
DA:179,0
DA:182,0
DA:183,0
DA:184,0
DA:185,0
DA:186,0
DA:196,0
DA:198,0
DA:206,0
DA:271,0
DA:274,0
DA:275,0
DA:276,0
DA:284,0
DA:287,0
DA:289,0
DA:290,0
DA:293,0
DA:298,0
DA:304,0
DA:305,0
DA:308,0
DA:309,0
DA:310,0
DA:311,0
DA:317,0
DA:318,0
DA:321,0
DA:324,0
DA:325,0
DA:327,0
DA:335,0
DA:336,0
DA:339,0
DA:340,0
DA:343,0
DA:344,0
DA:347,0
DA:348,0
DA:350,0
DA:352,0
DA:355,0
DA:369,0
DA:378,0
DA:381,0
DA:399,0
DA:400,0
DA:403,0
DA:404,0
DA:407,0
DA:408,0
DA:411,0
DA:412,0
DA:414,0
DA:420,0
DA:421,0
DA:422,0
DA:427,0
DA:430,0
DA:431,0
DA:432,0
DA:433,0
DA:450,0
DA:451,0
DA:452,0
DA:453,0
DA:454,0
DA:455,0
DA:458,0
DA:459,0
DA:475,0
DA:480,0
DA:483,0
DA:484,0
DA:500,0
DA:501,0
DA:503,0
DA:504,0
DA:519,0
DA:524,0
DA:527,0
DA:528,0
DA:529,0
DA:530,0
DA:532,0
DA:533,0
DA:550,0
DA:551,0
DA:552,0
DA:555,0
DA:556,0
DA:572,0
DA:577,0
DA:580,0
DA:581,0
DA:582,0
DA:583,0
DA:603,0
DA:604,0
DA:619,0
DA:632,0
DA:633,0
DA:635,0
DA:636,0
DA:640,0
DA:651,0
DA:652,0
DA:656,0
DA:665,0
DA:666,0
DA:667,0
DA:669,0
DA:671,0
DA:682,0
DA:683,0
DA:684,0
DA:688,0
DA:691,0
DA:699,0
DA:700,0
DA:703,0
DA:716,0
DA:717,0
DA:720,0
DA:731,0
DA:732,0
DA:733,0
DA:737,0
DA:749,0
DA:752,0
DA:754,0
DA:755,0
DA:757,0
DA:758,0
DA:759,0
DA:762,0
DA:767,0
DA:769,0
DA:770,0
DA:781,0
DA:783,0
DA:786,0
DA:788,0
DA:791,0
DA:794,0
DA:797,0
DA:799,0
DA:803,0
DA:804,0
DA:805,0
DA:806,0
DA:809,0
DA:814,0
DA:817,0
DA:818,0
DA:822,0
DA:823,0
DA:825,0
DA:828,0
DA:829,0
DA:832,0
DA:833,0
DA:834,0
DA:837,0
DA:842,0
DA:846,0
DA:850,0
DA:857,0
DA:858,0
DA:859,0
DA:870,0
DA:874,0
DA:888,0
DA:901,0
DA:903,0
DA:915,0
DA:917,0
DA:936,0
DA:947,0
DA:952,0
DA:953,0
DA:954,0
DA:958,0
DA:960,0
DA:962,0
DA:964,0
DA:966,0
DA:971,0
DA:977,0
DA:1000,0
DA:1001,0
DA:1006,0
DA:1011,0
DA:1016,0
DA:1020,0
DA:1035,0
DA:1039,0
DA:1050,0
DA:1055,0
DA:1061,0
DA:1062,0
DA:1064,0
DA:1065,0
DA:1066,0
DA:1067,0
DA:1070,0
DA:1071,0
DA:1073,0
DA:1074,0
DA:1080,0
DA:1081,0
DA:1082,0
DA:1085,0
DA:1086,0
DA:1088,0
DA:1092,0
DA:1094,0
DA:1095,0
DA:1100,0
DA:1101,0
DA:1103,0
DA:1104,0
DA:1106,0
DA:1110,0
DA:1112,0
DA:1113,0
DA:1118,0
DA:1119,0
DA:1121,0
DA:1122,0
DA:1124,0
DA:1128,0
DA:1130,0
DA:1131,0
DA:1136,0
DA:1141,0
DA:1142,0
DA:1144,0
DA:1145,0
DA:1146,0
DA:1147,0
DA:1150,0
DA:1153,0
DA:1154,0
DA:1155,0
DA:1156,0
DA:1158,0
DA:1159,0
DA:1161,0
DA:1162,0
DA:1167,0
DA:1168,0
DA:1170,0
DA:1171,0
DA:1172,0
DA:1173,0
DA:1177,0
DA:1178,0
DA:1181,0
DA:1187,0
DA:1188,0
DA:1191,0
DA:1193,0
DA:1194,0
DA:1196,0
DA:1197,0
DA:1202,0
DA:1203,0
DA:1204,0
DA:1208,0
DA:1209,0
DA:1211,0
DA:1215,0
DA:1216,0
DA:1217,0
DA:1220,0
DA:1221,0
DA:1222,0
DA:1224,0
DA:1228,0
DA:1229,0
DA:1230,0
DA:1234,0
DA:1240,0
DA:1241,0
DA:1243,0
DA:1247,0
DA:1248,0
DA:1249,0
DA:1253,0
DA:1254,0
DA:1255,0
DA:1256,0
DA:1259,0
DA:1266,0
DA:1267,0
DA:1271,0
DA:1275,0
DA:1276,0
DA:1277,0
DA:1278,0
DA:1279,0
DA:1280,0
DA:1282,0
DA:1288,0
DA:1289,0
DA:1290,0
DA:1291,0
DA:1295,0
DA:1299,0
DA:1300,0
DA:1302,0
DA:1318,0
DA:1319,0
DA:1324,0
DA:1325,0
DA:1326,0
DA:1327,0
DA:1331,0
DA:1335,0
DA:1336,0
DA:1337,0
DA:1338,0
DA:1339,0
DA:1340,0
DA:1346,0
DA:1347,0
DA:1348,0
DA:1349,0
DA:1353,0
DA:1357,0
DA:1358,0
DA:1359,0
DA:1360,0
DA:1361,0
DA:1362,0
DA:1363,0
DA:1365,0
DA:1367,0
DA:1369,0
DA:1375,0
DA:1380,0
LF:384
LH:0
BRDA:34,0,0,0
BRDA:34,0,1,0
BRDA:56,1,0,0
BRDA:56,1,1,0
BRDA:75,2,0,0
BRDA:75,2,1,0
BRDA:125,3,0,0
BRDA:125,3,1,0
BRDA:140,4,0,0
BRDA:140,4,1,0
BRDA:157,5,0,0
BRDA:157,5,1,0
BRDA:160,6,0,0
BRDA:160,6,1,0
BRDA:164,7,0,0
BRDA:164,7,1,0
BRDA:167,8,0,0
BRDA:167,8,1,0
BRDA:183,9,0,0
BRDA:183,9,1,0
BRDA:199,10,0,0
BRDA:199,10,1,0
BRDA:217,11,0,0
BRDA:217,11,1,0
BRDA:218,12,0,0
BRDA:218,12,1,0
BRDA:219,13,0,0
BRDA:219,13,1,0
BRDA:223,14,0,0
BRDA:223,14,1,0
BRDA:234,15,0,0
BRDA:234,15,1,0
BRDA:274,16,0,0
BRDA:274,16,1,0
BRDA:278,17,0,0
BRDA:278,17,1,0
BRDA:329,18,0,0
BRDA:329,18,1,0
BRDA:430,19,0,0
BRDA:430,19,1,0
BRDA:432,20,0,0
BRDA:432,20,1,0
BRDA:450,21,0,0
BRDA:450,21,1,0
BRDA:455,22,0,0
BRDA:455,22,1,0
BRDA:458,23,0,0
BRDA:458,23,1,0
BRDA:483,24,0,0
BRDA:483,24,1,0
BRDA:483,25,0,0
BRDA:483,25,1,0
BRDA:483,25,2,0
BRDA:503,26,0,0
BRDA:503,26,1,0
BRDA:527,27,0,0
BRDA:527,27,1,0
BRDA:532,28,0,0
BRDA:532,28,1,0
BRDA:550,29,0,0
BRDA:550,29,1,0
BRDA:552,30,0,0
BRDA:552,30,1,0
BRDA:555,31,0,0
BRDA:555,31,1,0
BRDA:580,32,0,0
BRDA:580,32,1,0
BRDA:580,33,0,0
BRDA:580,33,1,0
BRDA:582,34,0,0
BRDA:582,34,1,0
BRDA:603,35,0,0
BRDA:603,35,1,0
BRDA:635,36,0,0
BRDA:635,36,1,0
BRDA:651,37,0,0
BRDA:651,37,1,0
BRDA:678,38,0,0
BRDA:680,39,0,0
BRDA:683,40,0,0
BRDA:683,40,1,0
BRDA:729,41,0,0
BRDA:732,42,0,0
BRDA:732,42,1,0
BRDA:752,43,0,0
BRDA:752,43,1,0
BRDA:757,44,0,0
BRDA:757,44,1,0
BRDA:779,45,0,0
BRDA:786,46,0,0
BRDA:786,46,1,0
BRDA:786,46,2,0
BRDA:791,47,0,0
BRDA:791,47,1,0
BRDA:794,48,0,0
BRDA:794,48,1,0
BRDA:797,49,0,0
BRDA:797,49,1,0
BRDA:799,50,0,0
BRDA:799,50,1,0
BRDA:799,50,2,0
BRDA:799,50,3,0
BRDA:817,51,0,0
BRDA:817,51,1,0
BRDA:828,52,0,0
BRDA:828,52,1,0
BRDA:833,53,0,0
BRDA:833,53,1,0
BRDA:857,54,0,0
BRDA:857,54,1,0
BRDA:882,55,0,0
BRDA:882,55,1,0
BRDA:915,56,0,0
BRDA:915,56,1,0
BRDA:915,56,2,0
BRDA:958,57,0,0
BRDA:958,57,1,0
BRDA:958,57,2,0
BRDA:958,57,3,0
BRDA:971,58,0,0
BRDA:971,58,1,0
BRDA:972,59,0,0
BRDA:972,59,1,0
BRDA:1000,60,0,0
BRDA:1000,60,1,0
BRDA:1065,61,0,0
BRDA:1065,61,1,0
BRDA:1081,62,0,0
BRDA:1081,62,1,0
BRDA:1145,63,0,0
BRDA:1145,63,1,0
BRDA:1171,64,0,0
BRDA:1171,64,1,0
BRDA:1177,65,0,0
BRDA:1177,65,1,0
BRDA:1203,66,0,0
BRDA:1203,66,1,0
BRDA:1216,67,0,0
BRDA:1216,67,1,0
BRDA:1229,68,0,0
BRDA:1229,68,1,0
BRDA:1248,69,0,0
BRDA:1248,69,1,0
BRDA:1253,70,0,0
BRDA:1253,70,1,0
BRDA:1276,71,0,0
BRDA:1276,71,1,0
BRDA:1276,72,0,0
BRDA:1276,72,1,0
BRDA:1278,73,0,0
BRDA:1278,73,1,0
BRDA:1288,74,0,0
BRDA:1288,74,1,0
BRDA:1295,75,0,0
BRDA:1295,75,1,0
BRDA:1300,76,0,0
BRDA:1300,76,1,0
BRDA:1324,77,0,0
BRDA:1324,77,1,0
BRDA:1331,78,0,0
BRDA:1331,78,1,0
BRDA:1335,79,0,0
BRDA:1335,79,1,0
BRDA:1337,80,0,0
BRDA:1337,80,1,0
BRDA:1346,81,0,0
BRDA:1346,81,1,0
BRDA:1353,82,0,0
BRDA:1353,82,1,0
BRDA:1357,83,0,0
BRDA:1357,83,1,0
BRDA:1360,84,0,0
BRDA:1360,84,1,0
BRDA:1362,85,0,0
BRDA:1362,85,1,0
BRF:175
BRH:0
end_of_record
TN:
SF:api\intelligentDocumentService.backup-phase2.4.ts
FN:29,(anonymous_0)
FN:34,(anonymous_1)
FN:47,(anonymous_2)
FN:55,(anonymous_3)
FN:63,(anonymous_4)
FN:172,(anonymous_5)
FN:228,(anonymous_6)
FN:272,(anonymous_7)
FN:274,(anonymous_8)
FN:280,(anonymous_9)
FN:285,(anonymous_10)
FN:305,(anonymous_11)
FN:306,(anonymous_12)
FN:333,(anonymous_13)
FN:355,(anonymous_14)
FN:377,(anonymous_15)
FN:382,(anonymous_16)
FN:383,(anonymous_17)
FN:384,(anonymous_18)
FN:405,(anonymous_19)
FN:406,(anonymous_20)
FN:406,(anonymous_21)
FN:430,(anonymous_22)
FN:477,(anonymous_23)
FN:529,(anonymous_24)
FN:557,(anonymous_25)
FN:578,(anonymous_26)
FN:628,(anonymous_27)
FN:638,(anonymous_28)
FN:642,(anonymous_29)
FN:657,(anonymous_30)
FN:667,(anonymous_31)
FN:676,(anonymous_32)
FN:695,(anonymous_33)
FN:699,(anonymous_34)
FN:703,(anonymous_35)
FN:727,(anonymous_36)
FN:741,(anonymous_37)
FN:754,(anonymous_38)
FN:768,(anonymous_39)
FN:805,(anonymous_40)
FN:807,(anonymous_41)
FN:811,(anonymous_42)
FN:824,(anonymous_43)
FN:829,(anonymous_44)
FN:858,(anonymous_45)
FN:863,(anonymous_46)
FN:868,(anonymous_47)
FN:873,(anonymous_48)
FN:892,(anonymous_49)
FN:893,(anonymous_50)
FN:907,(anonymous_51)
FN:913,(anonymous_52)
FN:917,(anonymous_53)
FN:918,(anonymous_54)
FN:921,(anonymous_55)
FN:922,(anonymous_56)
FN:925,(anonymous_57)
FN:926,(anonymous_58)
FN:929,(anonymous_59)
FN:934,(anonymous_60)
FN:950,(anonymous_61)
FN:966,(anonymous_62)
FN:979,(anonymous_63)
FN:992,(anonymous_64)
FN:1011,(anonymous_65)
FN:1030,(anonymous_66)
FN:1035,(anonymous_67)
FN:1039,(anonymous_68)
FN:1052,(anonymous_69)
FN:1059,(anonymous_70)
FN:1063,(anonymous_71)
FN:1088,(anonymous_72)
FN:1095,(anonymous_73)
FN:1099,(anonymous_74)
FN:1101,(anonymous_75)
FN:1110,(anonymous_76)
FN:1117,(anonymous_77)
FN:1121,(anonymous_78)
FN:1138,(anonymous_79)
FNF:80
FNH:0
FNDA:0,(anonymous_0)
FNDA:0,(anonymous_1)
FNDA:0,(anonymous_2)
FNDA:0,(anonymous_3)
FNDA:0,(anonymous_4)
FNDA:0,(anonymous_5)
FNDA:0,(anonymous_6)
FNDA:0,(anonymous_7)
FNDA:0,(anonymous_8)
FNDA:0,(anonymous_9)
FNDA:0,(anonymous_10)
FNDA:0,(anonymous_11)
FNDA:0,(anonymous_12)
FNDA:0,(anonymous_13)
FNDA:0,(anonymous_14)
FNDA:0,(anonymous_15)
FNDA:0,(anonymous_16)
FNDA:0,(anonymous_17)
FNDA:0,(anonymous_18)
FNDA:0,(anonymous_19)
FNDA:0,(anonymous_20)
FNDA:0,(anonymous_21)
FNDA:0,(anonymous_22)
FNDA:0,(anonymous_23)
FNDA:0,(anonymous_24)
FNDA:0,(anonymous_25)
FNDA:0,(anonymous_26)
FNDA:0,(anonymous_27)
FNDA:0,(anonymous_28)
FNDA:0,(anonymous_29)
FNDA:0,(anonymous_30)
FNDA:0,(anonymous_31)
FNDA:0,(anonymous_32)
FNDA:0,(anonymous_33)
FNDA:0,(anonymous_34)
FNDA:0,(anonymous_35)
FNDA:0,(anonymous_36)
FNDA:0,(anonymous_37)
FNDA:0,(anonymous_38)
FNDA:0,(anonymous_39)
FNDA:0,(anonymous_40)
FNDA:0,(anonymous_41)
FNDA:0,(anonymous_42)
FNDA:0,(anonymous_43)
FNDA:0,(anonymous_44)
FNDA:0,(anonymous_45)
FNDA:0,(anonymous_46)
FNDA:0,(anonymous_47)
FNDA:0,(anonymous_48)
FNDA:0,(anonymous_49)
FNDA:0,(anonymous_50)
FNDA:0,(anonymous_51)
FNDA:0,(anonymous_52)
FNDA:0,(anonymous_53)
FNDA:0,(anonymous_54)
FNDA:0,(anonymous_55)
FNDA:0,(anonymous_56)
FNDA:0,(anonymous_57)
FNDA:0,(anonymous_58)
FNDA:0,(anonymous_59)
FNDA:0,(anonymous_60)
FNDA:0,(anonymous_61)
FNDA:0,(anonymous_62)
FNDA:0,(anonymous_63)
FNDA:0,(anonymous_64)
FNDA:0,(anonymous_65)
FNDA:0,(anonymous_66)
FNDA:0,(anonymous_67)
FNDA:0,(anonymous_68)
FNDA:0,(anonymous_69)
FNDA:0,(anonymous_70)
FNDA:0,(anonymous_71)
FNDA:0,(anonymous_72)
FNDA:0,(anonymous_73)
FNDA:0,(anonymous_74)
FNDA:0,(anonymous_75)
FNDA:0,(anonymous_76)
FNDA:0,(anonymous_77)
FNDA:0,(anonymous_78)
FNDA:0,(anonymous_79)
DA:23,0
DA:24,0
DA:25,0
DA:26,0
DA:27,0
DA:30,0
DA:35,0
DA:38,0
DA:41,0
DA:43,0
DA:73,0
DA:76,0
DA:77,0
DA:78,0
DA:86,0
DA:90,0
DA:155,0
DA:158,0
DA:159,0
DA:163,0
DA:166,0
DA:168,0
DA:173,0
DA:175,0
DA:176,0
DA:177,0
DA:178,0
DA:181,0
DA:184,0
DA:185,0
DA:186,0
DA:189,0
DA:190,0
DA:193,0
DA:194,0
DA:197,0
DA:198,0
DA:201,0
DA:202,0
DA:204,0
DA:206,0
DA:209,0
DA:223,0
DA:232,0
DA:235,0
DA:253,0
DA:254,0
DA:257,0
DA:258,0
DA:261,0
DA:262,0
DA:265,0
DA:266,0
DA:268,0
DA:274,0
DA:275,0
DA:276,0
DA:281,0
DA:284,0
DA:285,0
DA:286,0
DA:287,0
DA:304,0
DA:305,0
DA:306,0
DA:307,0
DA:308,0
DA:309,0
DA:312,0
DA:313,0
DA:329,0
DA:334,0
DA:337,0
DA:338,0
DA:354,0
DA:355,0
DA:357,0
DA:358,0
DA:373,0
DA:378,0
DA:381,0
DA:382,0
DA:383,0
DA:384,0
DA:386,0
DA:387,0
DA:404,0
DA:405,0
DA:406,0
DA:409,0
DA:410,0
DA:426,0
DA:431,0
DA:434,0
DA:435,0
DA:436,0
DA:437,0
DA:457,0
DA:458,0
DA:473,0
DA:486,0
DA:487,0
DA:489,0
DA:490,0
DA:494,0
DA:505,0
DA:506,0
DA:510,0
DA:519,0
DA:520,0
DA:521,0
DA:523,0
DA:525,0
DA:536,0
DA:537,0
DA:538,0
DA:542,0
DA:545,0
DA:553,0
DA:554,0
DA:557,0
DA:570,0
DA:571,0
DA:574,0
DA:585,0
DA:586,0
DA:587,0
DA:591,0
DA:603,0
DA:606,0
DA:608,0
DA:609,0
DA:611,0
DA:612,0
DA:613,0
DA:616,0
DA:621,0
DA:623,0
DA:624,0
DA:635,0
DA:637,0
DA:640,0
DA:642,0
DA:645,0
DA:648,0
DA:651,0
DA:653,0
DA:657,0
DA:658,0
DA:659,0
DA:660,0
DA:663,0
DA:668,0
DA:671,0
DA:672,0
DA:676,0
DA:677,0
DA:679,0
DA:682,0
DA:683,0
DA:686,0
DA:687,0
DA:688,0
DA:691,0
DA:696,0
DA:700,0
DA:704,0
DA:711,0
DA:712,0
DA:713,0
DA:724,0
DA:728,0
DA:742,0
DA:755,0
DA:757,0
DA:769,0
DA:771,0
DA:790,0
DA:801,0
DA:806,0
DA:807,0
DA:808,0
DA:812,0
DA:814,0
DA:816,0
DA:818,0
DA:820,0
DA:825,0
DA:831,0
DA:854,0
DA:855,0
DA:860,0
DA:865,0
DA:870,0
DA:874,0
DA:889,0
DA:893,0
DA:904,0
DA:909,0
DA:914,0
DA:918,0
DA:922,0
DA:926,0
DA:930,0
DA:935,0
DA:936,0
DA:937,0
DA:941,0
DA:942,0
DA:943,0
DA:944,0
DA:946,0
DA:947,0
DA:951,0
DA:952,0
DA:953,0
DA:957,0
DA:958,0
DA:961,0
DA:963,0
DA:967,0
DA:968,0
DA:969,0
DA:973,0
DA:974,0
DA:976,0
DA:980,0
DA:981,0
DA:982,0
DA:985,0
DA:986,0
DA:987,0
DA:989,0
DA:993,0
DA:994,0
DA:995,0
DA:999,0
DA:1005,0
DA:1006,0
DA:1008,0
DA:1012,0
DA:1013,0
DA:1014,0
DA:1018,0
DA:1019,0
DA:1020,0
DA:1021,0
DA:1024,0
DA:1031,0
DA:1032,0
DA:1036,0
DA:1040,0
DA:1041,0
DA:1042,0
DA:1043,0
DA:1044,0
DA:1045,0
DA:1047,0
DA:1053,0
DA:1054,0
DA:1055,0
DA:1056,0
DA:1060,0
DA:1064,0
DA:1065,0
DA:1067,0
DA:1083,0
DA:1084,0
DA:1089,0
DA:1090,0
DA:1091,0
DA:1092,0
DA:1096,0
DA:1100,0
DA:1101,0
DA:1102,0
DA:1103,0
DA:1104,0
DA:1105,0
DA:1111,0
DA:1112,0
DA:1113,0
DA:1114,0
DA:1118,0
DA:1122,0
DA:1123,0
DA:1124,0
DA:1125,0
DA:1126,0
DA:1127,0
DA:1128,0
DA:1130,0
DA:1132,0
DA:1134,0
DA:1140,0
DA:1145,0
LF:296
LH:0
BRDA:77,0,0,0
BRDA:77,0,1,0
BRDA:101,1,0,0
BRDA:101,1,1,0
BRDA:102,2,0,0
BRDA:102,2,1,0
BRDA:103,3,0,0
BRDA:103,3,1,0
BRDA:107,4,0,0
BRDA:107,4,1,0
BRDA:118,5,0,0
BRDA:118,5,1,0
BRDA:158,6,0,0
BRDA:158,6,1,0
BRDA:284,7,0,0
BRDA:284,7,1,0
BRDA:286,8,0,0
BRDA:286,8,1,0
BRDA:304,9,0,0
BRDA:304,9,1,0
BRDA:309,10,0,0
BRDA:309,10,1,0
BRDA:312,11,0,0
BRDA:312,11,1,0
BRDA:337,12,0,0
BRDA:337,12,1,0
BRDA:337,13,0,0
BRDA:337,13,1,0
BRDA:337,13,2,0
BRDA:357,14,0,0
BRDA:357,14,1,0
BRDA:381,15,0,0
BRDA:381,15,1,0
BRDA:386,16,0,0
BRDA:386,16,1,0
BRDA:404,17,0,0
BRDA:404,17,1,0
BRDA:406,18,0,0
BRDA:406,18,1,0
BRDA:409,19,0,0
BRDA:409,19,1,0
BRDA:434,20,0,0
BRDA:434,20,1,0
BRDA:434,21,0,0
BRDA:434,21,1,0
BRDA:436,22,0,0
BRDA:436,22,1,0
BRDA:457,23,0,0
BRDA:457,23,1,0
BRDA:489,24,0,0
BRDA:489,24,1,0
BRDA:505,25,0,0
BRDA:505,25,1,0
BRDA:532,26,0,0
BRDA:534,27,0,0
BRDA:537,28,0,0
BRDA:537,28,1,0
BRDA:583,29,0,0
BRDA:586,30,0,0
BRDA:586,30,1,0
BRDA:606,31,0,0
BRDA:606,31,1,0
BRDA:611,32,0,0
BRDA:611,32,1,0
BRDA:633,33,0,0
BRDA:640,34,0,0
BRDA:640,34,1,0
BRDA:640,34,2,0
BRDA:645,35,0,0
BRDA:645,35,1,0
BRDA:648,36,0,0
BRDA:648,36,1,0
BRDA:651,37,0,0
BRDA:651,37,1,0
BRDA:653,38,0,0
BRDA:653,38,1,0
BRDA:653,38,2,0
BRDA:653,38,3,0
BRDA:671,39,0,0
BRDA:671,39,1,0
BRDA:682,40,0,0
BRDA:682,40,1,0
BRDA:687,41,0,0
BRDA:687,41,1,0
BRDA:711,42,0,0
BRDA:711,42,1,0
BRDA:736,43,0,0
BRDA:736,43,1,0
BRDA:769,44,0,0
BRDA:769,44,1,0
BRDA:769,44,2,0
BRDA:812,45,0,0
BRDA:812,45,1,0
BRDA:812,45,2,0
BRDA:812,45,3,0
BRDA:825,46,0,0
BRDA:825,46,1,0
BRDA:826,47,0,0
BRDA:826,47,1,0
BRDA:854,48,0,0
BRDA:854,48,1,0
BRDA:936,49,0,0
BRDA:936,49,1,0
BRDA:952,50,0,0
BRDA:952,50,1,0
BRDA:968,51,0,0
BRDA:968,51,1,0
BRDA:981,52,0,0
BRDA:981,52,1,0
BRDA:994,53,0,0
BRDA:994,53,1,0
BRDA:1013,54,0,0
BRDA:1013,54,1,0
BRDA:1018,55,0,0
BRDA:1018,55,1,0
BRDA:1041,56,0,0
BRDA:1041,56,1,0
BRDA:1041,57,0,0
BRDA:1041,57,1,0
BRDA:1043,58,0,0
BRDA:1043,58,1,0
BRDA:1053,59,0,0
BRDA:1053,59,1,0
BRDA:1060,60,0,0
BRDA:1060,60,1,0
BRDA:1065,61,0,0
BRDA:1065,61,1,0
BRDA:1089,62,0,0
BRDA:1089,62,1,0
BRDA:1096,63,0,0
BRDA:1096,63,1,0
BRDA:1100,64,0,0
BRDA:1100,64,1,0
BRDA:1102,65,0,0
BRDA:1102,65,1,0
BRDA:1111,66,0,0
BRDA:1111,66,1,0
BRDA:1118,67,0,0
BRDA:1118,67,1,0
BRDA:1122,68,0,0
BRDA:1122,68,1,0
BRDA:1125,69,0,0
BRDA:1125,69,1,0
BRDA:1127,70,0,0
BRDA:1127,70,1,0
BRF:145
BRH:0
end_of_record
TN:
SF:api\intelligentDocumentService.backup.ts
FN:29,(anonymous_0)
FN:34,(anonymous_1)
FN:47,(anonymous_2)
FN:55,(anonymous_3)
FN:63,(anonymous_4)
FN:172,(anonymous_5)
FN:228,(anonymous_6)
FN:272,(anonymous_7)
FN:274,(anonymous_8)
FN:280,(anonymous_9)
FN:285,(anonymous_10)
FN:305,(anonymous_11)
FN:306,(anonymous_12)
FN:333,(anonymous_13)
FN:355,(anonymous_14)
FN:377,(anonymous_15)
FN:382,(anonymous_16)
FN:383,(anonymous_17)
FN:384,(anonymous_18)
FN:405,(anonymous_19)
FN:406,(anonymous_20)
FN:406,(anonymous_21)
FN:430,(anonymous_22)
FN:477,(anonymous_23)
FN:529,(anonymous_24)
FN:557,(anonymous_25)
FN:578,(anonymous_26)
FN:628,(anonymous_27)
FN:638,(anonymous_28)
FN:642,(anonymous_29)
FN:657,(anonymous_30)
FN:667,(anonymous_31)
FN:676,(anonymous_32)
FN:695,(anonymous_33)
FN:699,(anonymous_34)
FN:703,(anonymous_35)
FN:727,(anonymous_36)
FN:741,(anonymous_37)
FN:754,(anonymous_38)
FN:768,(anonymous_39)
FN:805,(anonymous_40)
FN:807,(anonymous_41)
FN:811,(anonymous_42)
FN:824,(anonymous_43)
FN:829,(anonymous_44)
FN:858,(anonymous_45)
FN:863,(anonymous_46)
FN:868,(anonymous_47)
FN:873,(anonymous_48)
FN:892,(anonymous_49)
FN:893,(anonymous_50)
FN:907,(anonymous_51)
FN:913,(anonymous_52)
FN:917,(anonymous_53)
FN:918,(anonymous_54)
FN:921,(anonymous_55)
FN:922,(anonymous_56)
FN:925,(anonymous_57)
FN:926,(anonymous_58)
FN:929,(anonymous_59)
FN:934,(anonymous_60)
FN:950,(anonymous_61)
FN:966,(anonymous_62)
FN:979,(anonymous_63)
FN:992,(anonymous_64)
FN:1011,(anonymous_65)
FN:1030,(anonymous_66)
FN:1035,(anonymous_67)
FN:1039,(anonymous_68)
FN:1052,(anonymous_69)
FN:1059,(anonymous_70)
FN:1063,(anonymous_71)
FN:1088,(anonymous_72)
FN:1095,(anonymous_73)
FN:1099,(anonymous_74)
FN:1101,(anonymous_75)
FN:1110,(anonymous_76)
FN:1117,(anonymous_77)
FN:1121,(anonymous_78)
FN:1138,(anonymous_79)
FNF:80
FNH:0
FNDA:0,(anonymous_0)
FNDA:0,(anonymous_1)
FNDA:0,(anonymous_2)
FNDA:0,(anonymous_3)
FNDA:0,(anonymous_4)
FNDA:0,(anonymous_5)
FNDA:0,(anonymous_6)
FNDA:0,(anonymous_7)
FNDA:0,(anonymous_8)
FNDA:0,(anonymous_9)
FNDA:0,(anonymous_10)
FNDA:0,(anonymous_11)
FNDA:0,(anonymous_12)
FNDA:0,(anonymous_13)
FNDA:0,(anonymous_14)
FNDA:0,(anonymous_15)
FNDA:0,(anonymous_16)
FNDA:0,(anonymous_17)
FNDA:0,(anonymous_18)
FNDA:0,(anonymous_19)
FNDA:0,(anonymous_20)
FNDA:0,(anonymous_21)
FNDA:0,(anonymous_22)
FNDA:0,(anonymous_23)
FNDA:0,(anonymous_24)
FNDA:0,(anonymous_25)
FNDA:0,(anonymous_26)
FNDA:0,(anonymous_27)
FNDA:0,(anonymous_28)
FNDA:0,(anonymous_29)
FNDA:0,(anonymous_30)
FNDA:0,(anonymous_31)
FNDA:0,(anonymous_32)
FNDA:0,(anonymous_33)
FNDA:0,(anonymous_34)
FNDA:0,(anonymous_35)
FNDA:0,(anonymous_36)
FNDA:0,(anonymous_37)
FNDA:0,(anonymous_38)
FNDA:0,(anonymous_39)
FNDA:0,(anonymous_40)
FNDA:0,(anonymous_41)
FNDA:0,(anonymous_42)
FNDA:0,(anonymous_43)
FNDA:0,(anonymous_44)
FNDA:0,(anonymous_45)
FNDA:0,(anonymous_46)
FNDA:0,(anonymous_47)
FNDA:0,(anonymous_48)
FNDA:0,(anonymous_49)
FNDA:0,(anonymous_50)
FNDA:0,(anonymous_51)
FNDA:0,(anonymous_52)
FNDA:0,(anonymous_53)
FNDA:0,(anonymous_54)
FNDA:0,(anonymous_55)
FNDA:0,(anonymous_56)
FNDA:0,(anonymous_57)
FNDA:0,(anonymous_58)
FNDA:0,(anonymous_59)
FNDA:0,(anonymous_60)
FNDA:0,(anonymous_61)
FNDA:0,(anonymous_62)
FNDA:0,(anonymous_63)
FNDA:0,(anonymous_64)
FNDA:0,(anonymous_65)
FNDA:0,(anonymous_66)
FNDA:0,(anonymous_67)
FNDA:0,(anonymous_68)
FNDA:0,(anonymous_69)
FNDA:0,(anonymous_70)
FNDA:0,(anonymous_71)
FNDA:0,(anonymous_72)
FNDA:0,(anonymous_73)
FNDA:0,(anonymous_74)
FNDA:0,(anonymous_75)
FNDA:0,(anonymous_76)
FNDA:0,(anonymous_77)
FNDA:0,(anonymous_78)
FNDA:0,(anonymous_79)
DA:23,0
DA:24,0
DA:25,0
DA:26,0
DA:27,0
DA:30,0
DA:35,0
DA:38,0
DA:41,0
DA:43,0
DA:73,0
DA:76,0
DA:77,0
DA:78,0
DA:86,0
DA:90,0
DA:155,0
DA:158,0
DA:159,0
DA:163,0
DA:166,0
DA:168,0
DA:173,0
DA:175,0
DA:176,0
DA:177,0
DA:178,0
DA:181,0
DA:184,0
DA:185,0
DA:186,0
DA:189,0
DA:190,0
DA:193,0
DA:194,0
DA:197,0
DA:198,0
DA:201,0
DA:202,0
DA:204,0
DA:206,0
DA:209,0
DA:223,0
DA:232,0
DA:235,0
DA:253,0
DA:254,0
DA:257,0
DA:258,0
DA:261,0
DA:262,0
DA:265,0
DA:266,0
DA:268,0
DA:274,0
DA:275,0
DA:276,0
DA:281,0
DA:284,0
DA:285,0
DA:286,0
DA:287,0
DA:304,0
DA:305,0
DA:306,0
DA:307,0
DA:308,0
DA:309,0
DA:312,0
DA:313,0
DA:329,0
DA:334,0
DA:337,0
DA:338,0
DA:354,0
DA:355,0
DA:357,0
DA:358,0
DA:373,0
DA:378,0
DA:381,0
DA:382,0
DA:383,0
DA:384,0
DA:386,0
DA:387,0
DA:404,0
DA:405,0
DA:406,0
DA:409,0
DA:410,0
DA:426,0
DA:431,0
DA:434,0
DA:435,0
DA:436,0
DA:437,0
DA:457,0
DA:458,0
DA:473,0
DA:486,0
DA:487,0
DA:489,0
DA:490,0
DA:494,0
DA:505,0
DA:506,0
DA:510,0
DA:519,0
DA:520,0
DA:521,0
DA:523,0
DA:525,0
DA:536,0
DA:537,0
DA:538,0
DA:542,0
DA:545,0
DA:553,0
DA:554,0
DA:557,0
DA:570,0
DA:571,0
DA:574,0
DA:585,0
DA:586,0
DA:587,0
DA:591,0
DA:603,0
DA:606,0
DA:608,0
DA:609,0
DA:611,0
DA:612,0
DA:613,0
DA:616,0
DA:621,0
DA:623,0
DA:624,0
DA:635,0
DA:637,0
DA:640,0
DA:642,0
DA:645,0
DA:648,0
DA:651,0
DA:653,0
DA:657,0
DA:658,0
DA:659,0
DA:660,0
DA:663,0
DA:668,0
DA:671,0
DA:672,0
DA:676,0
DA:677,0
DA:679,0
DA:682,0
DA:683,0
DA:686,0
DA:687,0
DA:688,0
DA:691,0
DA:696,0
DA:700,0
DA:704,0
DA:711,0
DA:712,0
DA:713,0
DA:724,0
DA:728,0
DA:742,0
DA:755,0
DA:757,0
DA:769,0
DA:771,0
DA:790,0
DA:801,0
DA:806,0
DA:807,0
DA:808,0
DA:812,0
DA:814,0
DA:816,0
DA:818,0
DA:820,0
DA:825,0
DA:831,0
DA:854,0
DA:855,0
DA:860,0
DA:865,0
DA:870,0
DA:874,0
DA:889,0
DA:893,0
DA:904,0
DA:909,0
DA:914,0
DA:918,0
DA:922,0
DA:926,0
DA:930,0
DA:935,0
DA:936,0
DA:937,0
DA:941,0
DA:942,0
DA:943,0
DA:944,0
DA:946,0
DA:947,0
DA:951,0
DA:952,0
DA:953,0
DA:957,0
DA:958,0
DA:961,0
DA:963,0
DA:967,0
DA:968,0
DA:969,0
DA:973,0
DA:974,0
DA:976,0
DA:980,0
DA:981,0
DA:982,0
DA:985,0
DA:986,0
DA:987,0
DA:989,0
DA:993,0
DA:994,0
DA:995,0
DA:999,0
DA:1005,0
DA:1006,0
DA:1008,0
DA:1012,0
DA:1013,0
DA:1014,0
DA:1018,0
DA:1019,0
DA:1020,0
DA:1021,0
DA:1024,0
DA:1031,0
DA:1032,0
DA:1036,0
DA:1040,0
DA:1041,0
DA:1042,0
DA:1043,0
DA:1044,0
DA:1045,0
DA:1047,0
DA:1053,0
DA:1054,0
DA:1055,0
DA:1056,0
DA:1060,0
DA:1064,0
DA:1065,0
DA:1067,0
DA:1083,0
DA:1084,0
DA:1089,0
DA:1090,0
DA:1091,0
DA:1092,0
DA:1096,0
DA:1100,0
DA:1101,0
DA:1102,0
DA:1103,0
DA:1104,0
DA:1105,0
DA:1111,0
DA:1112,0
DA:1113,0
DA:1114,0
DA:1118,0
DA:1122,0
DA:1123,0
DA:1124,0
DA:1125,0
DA:1126,0
DA:1127,0
DA:1128,0
DA:1130,0
DA:1132,0
DA:1134,0
DA:1140,0
DA:1145,0
LF:296
LH:0
BRDA:77,0,0,0
BRDA:77,0,1,0
BRDA:101,1,0,0
BRDA:101,1,1,0
BRDA:102,2,0,0
BRDA:102,2,1,0
BRDA:103,3,0,0
BRDA:103,3,1,0
BRDA:107,4,0,0
BRDA:107,4,1,0
BRDA:118,5,0,0
BRDA:118,5,1,0
BRDA:158,6,0,0
BRDA:158,6,1,0
BRDA:284,7,0,0
BRDA:284,7,1,0
BRDA:286,8,0,0
BRDA:286,8,1,0
BRDA:304,9,0,0
BRDA:304,9,1,0
BRDA:309,10,0,0
BRDA:309,10,1,0
BRDA:312,11,0,0
BRDA:312,11,1,0
BRDA:337,12,0,0
BRDA:337,12,1,0
BRDA:337,13,0,0
BRDA:337,13,1,0
BRDA:337,13,2,0
BRDA:357,14,0,0
BRDA:357,14,1,0
BRDA:381,15,0,0
BRDA:381,15,1,0
BRDA:386,16,0,0
BRDA:386,16,1,0
BRDA:404,17,0,0
BRDA:404,17,1,0
BRDA:406,18,0,0
BRDA:406,18,1,0
BRDA:409,19,0,0
BRDA:409,19,1,0
BRDA:434,20,0,0
BRDA:434,20,1,0
BRDA:434,21,0,0
BRDA:434,21,1,0
BRDA:436,22,0,0
BRDA:436,22,1,0
BRDA:457,23,0,0
BRDA:457,23,1,0
BRDA:489,24,0,0
BRDA:489,24,1,0
BRDA:505,25,0,0
BRDA:505,25,1,0
BRDA:532,26,0,0
BRDA:534,27,0,0
BRDA:537,28,0,0
BRDA:537,28,1,0
BRDA:583,29,0,0
BRDA:586,30,0,0
BRDA:586,30,1,0
BRDA:606,31,0,0
BRDA:606,31,1,0
BRDA:611,32,0,0
BRDA:611,32,1,0
BRDA:633,33,0,0
BRDA:640,34,0,0
BRDA:640,34,1,0
BRDA:640,34,2,0
BRDA:645,35,0,0
BRDA:645,35,1,0
BRDA:648,36,0,0
BRDA:648,36,1,0
BRDA:651,37,0,0
BRDA:651,37,1,0
BRDA:653,38,0,0
BRDA:653,38,1,0
BRDA:653,38,2,0
BRDA:653,38,3,0
BRDA:671,39,0,0
BRDA:671,39,1,0
BRDA:682,40,0,0
BRDA:682,40,1,0
BRDA:687,41,0,0
BRDA:687,41,1,0
BRDA:711,42,0,0
BRDA:711,42,1,0
BRDA:736,43,0,0
BRDA:736,43,1,0
BRDA:769,44,0,0
BRDA:769,44,1,0
BRDA:769,44,2,0
BRDA:812,45,0,0
BRDA:812,45,1,0
BRDA:812,45,2,0
BRDA:812,45,3,0
BRDA:825,46,0,0
BRDA:825,46,1,0
BRDA:826,47,0,0
BRDA:826,47,1,0
BRDA:854,48,0,0
BRDA:854,48,1,0
BRDA:936,49,0,0
BRDA:936,49,1,0
BRDA:952,50,0,0
BRDA:952,50,1,0
BRDA:968,51,0,0
BRDA:968,51,1,0
BRDA:981,52,0,0
BRDA:981,52,1,0
BRDA:994,53,0,0
BRDA:994,53,1,0
BRDA:1013,54,0,0
BRDA:1013,54,1,0
BRDA:1018,55,0,0
BRDA:1018,55,1,0
BRDA:1041,56,0,0
BRDA:1041,56,1,0
BRDA:1041,57,0,0
BRDA:1041,57,1,0
BRDA:1043,58,0,0
BRDA:1043,58,1,0
BRDA:1053,59,0,0
BRDA:1053,59,1,0
BRDA:1060,60,0,0
BRDA:1060,60,1,0
BRDA:1065,61,0,0
BRDA:1065,61,1,0
BRDA:1089,62,0,0
BRDA:1089,62,1,0
BRDA:1096,63,0,0
BRDA:1096,63,1,0
BRDA:1100,64,0,0
BRDA:1100,64,1,0
BRDA:1102,65,0,0
BRDA:1102,65,1,0
BRDA:1111,66,0,0
BRDA:1111,66,1,0
BRDA:1118,67,0,0
BRDA:1118,67,1,0
BRDA:1122,68,0,0
BRDA:1122,68,1,0
BRDA:1125,69,0,0
BRDA:1125,69,1,0
BRDA:1127,70,0,0
BRDA:1127,70,1,0
BRF:145
BRH:0
end_of_record
TN:
SF:api\intelligentDocumentService.ts
FN:49,(anonymous_0)
FN:64,(anonymous_1)
FN:85,(anonymous_2)
FN:116,(anonymous_3)
FN:121,(anonymous_4)
FN:139,(anonymous_5)
FN:154,(anonymous_6)
FN:169,(anonymous_7)
FN:209,(anonymous_8)
FN:296,(anonymous_9)
FN:307,(anonymous_10)
FN:313,(anonymous_11)
FN:341,(anonymous_12)
FN:349,(anonymous_13)
FN:387,(anonymous_14)
FN:401,(anonymous_15)
FN:458,(anonymous_16)
FN:502,(anonymous_17)
FN:504,(anonymous_18)
FN:510,(anonymous_19)
FN:515,(anonymous_20)
FN:535,(anonymous_21)
FN:536,(anonymous_22)
FN:563,(anonymous_23)
FN:585,(anonymous_24)
FN:607,(anonymous_25)
FN:612,(anonymous_26)
FN:613,(anonymous_27)
FN:614,(anonymous_28)
FN:635,(anonymous_29)
FN:636,(anonymous_30)
FN:636,(anonymous_31)
FN:660,(anonymous_32)
FN:707,(anonymous_33)
FN:756,(anonymous_34)
FN:769,(anonymous_35)
FN:797,(anonymous_36)
FN:815,(anonymous_37)
FN:829,(anonymous_38)
FN:877,(anonymous_39)
FN:889,(anonymous_40)
FN:901,(anonymous_41)
FN:905,(anonymous_42)
FN:920,(anonymous_43)
FN:930,(anonymous_44)
FN:939,(anonymous_45)
FN:958,(anonymous_46)
FN:962,(anonymous_47)
FN:966,(anonymous_48)
FN:990,(anonymous_49)
FN:1004,(anonymous_50)
FN:1017,(anonymous_51)
FN:1031,(anonymous_52)
FN:1068,(anonymous_53)
FN:1070,(anonymous_54)
FN:1074,(anonymous_55)
FN:1087,(anonymous_56)
FN:1092,(anonymous_57)
FN:1121,(anonymous_58)
FN:1126,(anonymous_59)
FN:1131,(anonymous_60)
FN:1136,(anonymous_61)
FN:1155,(anonymous_62)
FN:1156,(anonymous_63)
FN:1170,(anonymous_64)
FN:1177,(anonymous_65)
FN:1183,(anonymous_66)
FN:1209,(anonymous_67)
FN:1222,(anonymous_68)
FN:1227,(anonymous_69)
FN:1247,(anonymous_70)
FN:1258,(anonymous_71)
FN:1263,(anonymous_72)
FN:1283,(anonymous_73)
FN:1294,(anonymous_74)
FN:1299,(anonymous_75)
FN:1320,(anonymous_76)
FN:1323,(anonymous_77)
FN:1328,(anonymous_78)
FN:1346,(anonymous_79)
FN:1360,(anonymous_80)
FN:1361,(anonymous_81)
FN:1361,(anonymous_82)
FN:1362,(anonymous_83)
FN:1362,(anonymous_84)
FN:1363,(anonymous_85)
FN:1363,(anonymous_86)
FN:1374,(anonymous_87)
FN:1397,(anonymous_88)
FN:1408,(anonymous_89)
FN:1427,(anonymous_90)
FN:1439,(anonymous_91)
FN:1446,(anonymous_92)
FN:1458,(anonymous_93)
FN:1465,(anonymous_94)
FN:1483,(anonymous_95)
FN:1493,(anonymous_96)
FN:1507,(anonymous_97)
FN:1521,(anonymous_98)
FN:1524,(anonymous_99)
FN:1530,(anonymous_100)
FN:1534,(anonymous_101)
FN:1545,(anonymous_102)
FN:1556,(anonymous_103)
FN:1563,(anonymous_104)
FN:1575,(anonymous_105)
FN:1589,(anonymous_106)
FN:1593,(anonymous_107)
FN:1604,(anonymous_108)
FN:1627,(anonymous_109)
FN:1639,(anonymous_110)
FN:1651,(anonymous_111)
FN:1665,(anonymous_112)
FN:1669,(anonymous_113)
FN:1680,(anonymous_114)
FN:1687,(anonymous_115)
FN:1693,(anonymous_116)
FN:1708,(anonymous_117)
FN:1720,(anonymous_118)
FN:1734,(anonymous_119)
FN:1738,(anonymous_120)
FN:1749,(anonymous_121)
FN:1766,(anonymous_122)
FN:1776,(anonymous_123)
FNF:124
FNH:52
FNDA:21,(anonymous_0)
FNDA:1,(anonymous_1)
FNDA:1,(anonymous_2)
FNDA:1,(anonymous_3)
FNDA:1,(anonymous_4)
FNDA:1,(anonymous_5)
FNDA:1,(anonymous_6)
FNDA:4,(anonymous_7)
FNDA:0,(anonymous_8)
FNDA:0,(anonymous_9)
FNDA:0,(anonymous_10)
FNDA:0,(anonymous_11)
FNDA:0,(anonymous_12)
FNDA:0,(anonymous_13)
FNDA:0,(anonymous_14)
FNDA:0,(anonymous_15)
FNDA:0,(anonymous_16)
FNDA:0,(anonymous_17)
FNDA:0,(anonymous_18)
FNDA:0,(anonymous_19)
FNDA:0,(anonymous_20)
FNDA:0,(anonymous_21)
FNDA:0,(anonymous_22)
FNDA:0,(anonymous_23)
FNDA:0,(anonymous_24)
FNDA:0,(anonymous_25)
FNDA:0,(anonymous_26)
FNDA:0,(anonymous_27)
FNDA:0,(anonymous_28)
FNDA:0,(anonymous_29)
FNDA:0,(anonymous_30)
FNDA:0,(anonymous_31)
FNDA:0,(anonymous_32)
FNDA:0,(anonymous_33)
FNDA:0,(anonymous_34)
FNDA:0,(anonymous_35)
FNDA:0,(anonymous_36)
FNDA:0,(anonymous_37)
FNDA:0,(anonymous_38)
FNDA:0,(anonymous_39)
FNDA:0,(anonymous_40)
FNDA:0,(anonymous_41)
FNDA:0,(anonymous_42)
FNDA:0,(anonymous_43)
FNDA:0,(anonymous_44)
FNDA:0,(anonymous_45)
FNDA:3,(anonymous_46)
FNDA:0,(anonymous_47)
FNDA:0,(anonymous_48)
FNDA:0,(anonymous_49)
FNDA:0,(anonymous_50)
FNDA:0,(anonymous_51)
FNDA:0,(anonymous_52)
FNDA:0,(anonymous_53)
FNDA:0,(anonymous_54)
FNDA:0,(anonymous_55)
FNDA:0,(anonymous_56)
FNDA:0,(anonymous_57)
FNDA:0,(anonymous_58)
FNDA:0,(anonymous_59)
FNDA:0,(anonymous_60)
FNDA:3,(anonymous_61)
FNDA:0,(anonymous_62)
FNDA:0,(anonymous_63)
FNDA:0,(anonymous_64)
FNDA:14,(anonymous_65)
FNDA:16,(anonymous_66)
FNDA:2,(anonymous_67)
FNDA:2,(anonymous_68)
FNDA:3,(anonymous_69)
FNDA:1,(anonymous_70)
FNDA:1,(anonymous_71)
FNDA:2,(anonymous_72)
FNDA:1,(anonymous_73)
FNDA:1,(anonymous_74)
FNDA:5,(anonymous_75)
FNDA:2,(anonymous_76)
FNDA:4,(anonymous_77)
FNDA:2,(anonymous_78)
FNDA:3,(anonymous_79)
FNDA:2,(anonymous_80)
FNDA:2,(anonymous_81)
FNDA:1,(anonymous_82)
FNDA:2,(anonymous_83)
FNDA:0,(anonymous_84)
FNDA:2,(anonymous_85)
FNDA:0,(anonymous_86)
FNDA:4,(anonymous_87)
FNDA:3,(anonymous_88)
FNDA:1,(anonymous_89)
FNDA:0,(anonymous_90)
FNDA:0,(anonymous_91)
FNDA:0,(anonymous_92)
FNDA:0,(anonymous_93)
FNDA:0,(anonymous_94)
FNDA:0,(anonymous_95)
FNDA:0,(anonymous_96)
FNDA:0,(anonymous_97)
FNDA:1,(anonymous_98)
FNDA:1,(anonymous_99)
FNDA:2,(anonymous_100)
FNDA:2,(anonymous_101)
FNDA:1,(anonymous_102)
FNDA:0,(anonymous_103)
FNDA:1,(anonymous_104)
FNDA:1,(anonymous_105)
FNDA:3,(anonymous_106)
FNDA:3,(anonymous_107)
FNDA:0,(anonymous_108)
FNDA:0,(anonymous_109)
FNDA:1,(anonymous_110)
FNDA:1,(anonymous_111)
FNDA:3,(anonymous_112)
FNDA:3,(anonymous_113)
FNDA:0,(anonymous_114)
FNDA:0,(anonymous_115)
FNDA:0,(anonymous_116)
FNDA:1,(anonymous_117)
FNDA:1,(anonymous_118)
FNDA:2,(anonymous_119)
FNDA:2,(anonymous_120)
FNDA:1,(anonymous_121)
FNDA:1,(anonymous_122)
FNDA:0,(anonymous_123)
DA:16,1
DA:17,1
DA:32,1
DA:33,1
DA:34,1
DA:35,1
DA:38,1
DA:39,1
DA:40,1
DA:41,1
DA:44,1
DA:49,1
DA:50,21
DA:51,0
DA:52,0
DA:64,1
DA:65,1
DA:72,1
DA:73,0
DA:85,1
DA:86,1
DA:91,1
DA:92,0
DA:102,1
DA:112,1
DA:117,1
DA:122,1
DA:123,1
DA:126,1
DA:129,1
DA:131,1
DA:133,0
DA:140,1
DA:141,1
DA:147,0
DA:155,1
DA:156,1
DA:162,0
DA:178,4
DA:180,4
DA:181,4
DA:183,0
DA:184,0
DA:186,0
DA:187,0
DA:188,0
DA:190,0
DA:191,0
DA:194,0
DA:202,0
DA:205,0
DA:206,0
DA:207,0
DA:208,0
DA:209,0
DA:219,0
DA:221,0
DA:229,0
DA:294,0
DA:295,0
DA:296,0
DA:305,0
DA:306,0
DA:307,0
DA:312,0
DA:313,0
DA:314,0
DA:322,0
DA:325,0
DA:327,0
DA:328,0
DA:331,4
DA:336,4
DA:342,0
DA:343,0
DA:346,0
DA:347,0
DA:348,0
DA:349,0
DA:355,0
DA:356,0
DA:359,0
DA:362,0
DA:363,0
DA:365,0
DA:373,0
DA:374,0
DA:377,0
DA:378,0
DA:381,0
DA:382,0
DA:385,0
DA:386,0
DA:387,0
DA:398,0
DA:399,0
DA:400,0
DA:401,0
DA:410,0
DA:415,0
DA:420,0
DA:435,0
DA:436,0
DA:437,0
DA:444,0
DA:445,0
DA:450,0
DA:462,0
DA:465,0
DA:483,0
DA:484,0
DA:487,0
DA:488,0
DA:491,0
DA:492,0
DA:495,0
DA:496,0
DA:498,0
DA:504,0
DA:505,0
DA:506,0
DA:511,0
DA:514,0
DA:515,0
DA:516,0
DA:517,0
DA:534,0
DA:535,0
DA:536,0
DA:537,0
DA:538,0
DA:539,0
DA:542,0
DA:543,0
DA:559,0
DA:564,0
DA:567,0
DA:568,0
DA:584,0
DA:585,0
DA:587,0
DA:588,0
DA:603,0
DA:608,0
DA:611,0
DA:612,0
DA:613,0
DA:614,0
DA:616,0
DA:617,0
DA:634,0
DA:635,0
DA:636,0
DA:639,0
DA:640,0
DA:656,0
DA:661,0
DA:664,0
DA:665,0
DA:666,0
DA:667,0
DA:687,0
DA:688,0
DA:703,0
DA:716,0
DA:717,0
DA:719,0
DA:720,0
DA:724,0
DA:735,0
DA:736,0
DA:740,0
DA:749,0
DA:750,0
DA:751,0
DA:754,0
DA:755,0
DA:756,0
DA:765,0
DA:776,0
DA:777,0
DA:778,0
DA:782,0
DA:785,0
DA:793,0
DA:794,0
DA:797,0
DA:810,0
DA:813,0
DA:814,0
DA:815,0
DA:825,0
DA:836,0
DA:837,0
DA:838,0
DA:842,0
DA:854,0
DA:857,0
DA:859,0
DA:860,0
DA:862,0
DA:863,0
DA:864,0
DA:867,0
DA:872,0
DA:875,0
DA:876,0
DA:877,0
DA:885,0
DA:896,0
DA:899,0
DA:901,0
DA:903,0
DA:905,0
DA:908,0
DA:911,0
DA:914,0
DA:916,0
DA:920,0
DA:921,0
DA:922,0
DA:923,0
DA:926,0
DA:931,0
DA:934,0
DA:935,0
DA:939,0
DA:940,0
DA:942,0
DA:945,0
DA:946,0
DA:949,0
DA:950,0
DA:951,0
DA:954,0
DA:959,3
DA:963,0
DA:967,0
DA:974,0
DA:975,0
DA:976,0
DA:987,0
DA:991,0
DA:1005,0
DA:1018,0
DA:1020,0
DA:1032,0
DA:1034,0
DA:1053,0
DA:1064,0
DA:1069,0
DA:1070,0
DA:1071,0
DA:1075,0
DA:1077,0
DA:1079,0
DA:1081,0
DA:1083,0
DA:1088,0
DA:1094,0
DA:1117,0
DA:1118,0
DA:1123,0
DA:1128,0
DA:1133,0
DA:1137,3
DA:1152,3
DA:1156,0
DA:1167,0
DA:1172,0
DA:1178,14
DA:1179,14
DA:1181,14
DA:1182,14
DA:1183,16
DA:1187,11
DA:1188,3
DA:1189,3
DA:1192,8
DA:1193,8
DA:1199,8
DA:1200,8
DA:1202,3
DA:1203,3
DA:1210,2
DA:1211,2
DA:1212,0
DA:1215,2
DA:1221,2
DA:1222,2
DA:1226,1
DA:1227,1
DA:1228,3
DA:1229,3
DA:1236,1
DA:1240,1
DA:1242,1
DA:1243,1
DA:1248,1
DA:1249,1
DA:1251,1
DA:1257,1
DA:1258,1
DA:1262,1
DA:1263,1
DA:1264,2
DA:1265,2
DA:1272,1
DA:1276,1
DA:1278,0
DA:1279,0
DA:1284,1
DA:1285,1
DA:1287,1
DA:1293,1
DA:1294,1
DA:1298,1
DA:1299,1
DA:1300,5
DA:1301,5
DA:1308,1
DA:1312,1
DA:1314,0
DA:1315,0
DA:1321,2
DA:1322,2
DA:1323,4
DA:1327,1
DA:1328,1
DA:1329,2
DA:1330,2
DA:1337,1
DA:1338,1
DA:1340,1
DA:1341,1
DA:1347,3
DA:1348,3
DA:1350,3
DA:1351,3
DA:1352,1
DA:1353,1
DA:1356,2
DA:1359,2
DA:1360,2
DA:1361,2
DA:1362,2
DA:1363,2
DA:1366,1
DA:1367,1
DA:1369,1
DA:1370,1
DA:1375,4
DA:1376,4
DA:1378,4
DA:1379,4
DA:1380,1
DA:1381,1
DA:1385,3
DA:1386,0
DA:1389,3
DA:1395,3
DA:1396,3
DA:1397,3
DA:1405,3
DA:1406,1
DA:1407,1
DA:1408,1
DA:1414,3
DA:1417,3
DA:1419,0
DA:1420,0
DA:1422,3
DA:1423,3
DA:1428,0
DA:1429,0
DA:1430,0
DA:1434,0
DA:1437,0
DA:1438,0
DA:1439,0
DA:1443,0
DA:1447,0
DA:1448,0
DA:1449,0
DA:1452,0
DA:1453,0
DA:1456,0
DA:1457,0
DA:1458,0
DA:1462,0
DA:1466,0
DA:1467,0
DA:1468,0
DA:1472,0
DA:1478,0
DA:1481,0
DA:1482,0
DA:1483,0
DA:1490,0
DA:1494,0
DA:1495,0
DA:1496,0
DA:1500,0
DA:1501,0
DA:1502,0
DA:1505,0
DA:1506,0
DA:1507,0
DA:1515,0
DA:1522,1
DA:1523,1
DA:1524,1
DA:1527,1
DA:1531,2
DA:1532,2
DA:1533,2
DA:1534,2
DA:1538,2
DA:1540,0
DA:1541,0
DA:1546,1
DA:1547,1
DA:1548,0
DA:1549,0
DA:1550,0
DA:1551,0
DA:1554,0
DA:1555,0
DA:1556,0
DA:1564,1
DA:1565,1
DA:1566,1
DA:1568,1
DA:1572,1
DA:1574,1
DA:1575,1
DA:1583,1
DA:1585,0
DA:1590,3
DA:1591,3
DA:1592,3
DA:1593,3
DA:1597,3
DA:1599,0
DA:1600,0
DA:1605,0
DA:1606,0
DA:1608,0
DA:1625,0
DA:1626,0
DA:1627,0
DA:1635,0
DA:1640,1
DA:1641,1
DA:1642,1
DA:1644,1
DA:1648,1
DA:1650,1
DA:1651,1
DA:1659,1
DA:1661,0
DA:1666,3
DA:1667,3
DA:1668,3
DA:1669,3
DA:1673,3
DA:1675,0
DA:1676,0
DA:1681,0
DA:1682,0
DA:1683,0
DA:1685,0
DA:1686,0
DA:1687,0
DA:1688,0
DA:1689,0
DA:1690,0
DA:1692,0
DA:1693,0
DA:1703,0
DA:1709,1
DA:1710,1
DA:1711,1
DA:1713,1
DA:1717,1
DA:1719,1
DA:1720,1
DA:1728,1
DA:1730,0
DA:1735,2
DA:1736,2
DA:1737,2
DA:1738,2
DA:1742,2
DA:1744,0
DA:1745,0
DA:1750,1
DA:1751,1
DA:1752,0
DA:1753,0
DA:1754,0
DA:1755,0
DA:1756,0
DA:1758,0
DA:1760,0
DA:1764,1
DA:1765,1
DA:1766,1
DA:1778,0
DA:1783,1
LF:510
LH:190
BRDA:50,0,0,0
BRDA:50,0,1,21
BRDA:72,1,0,0
BRDA:72,1,1,1
BRDA:91,2,0,0
BRDA:91,2,1,1
BRDA:148,3,0,0
BRDA:148,3,1,0
BRDA:163,4,0,0
BRDA:163,4,1,0
BRDA:180,5,0,4
BRDA:180,5,1,0
BRDA:183,6,0,0
BRDA:183,6,1,0
BRDA:187,7,0,0
BRDA:187,7,1,0
BRDA:190,8,0,0
BRDA:190,8,1,0
BRDA:206,9,0,0
BRDA:206,9,1,0
BRDA:222,10,0,0
BRDA:222,10,1,0
BRDA:240,11,0,0
BRDA:240,11,1,0
BRDA:241,12,0,0
BRDA:241,12,1,0
BRDA:242,13,0,0
BRDA:242,13,1,0
BRDA:246,14,0,0
BRDA:246,14,1,0
BRDA:257,15,0,0
BRDA:257,15,1,0
BRDA:312,16,0,0
BRDA:312,16,1,0
BRDA:316,17,0,0
BRDA:316,17,1,0
BRDA:367,18,0,0
BRDA:367,18,1,0
BRDA:398,19,0,0
BRDA:398,19,1,0
BRDA:514,20,0,0
BRDA:514,20,1,0
BRDA:516,21,0,0
BRDA:516,21,1,0
BRDA:534,22,0,0
BRDA:534,22,1,0
BRDA:539,23,0,0
BRDA:539,23,1,0
BRDA:542,24,0,0
BRDA:542,24,1,0
BRDA:567,25,0,0
BRDA:567,25,1,0
BRDA:567,26,0,0
BRDA:567,26,1,0
BRDA:567,26,2,0
BRDA:587,27,0,0
BRDA:587,27,1,0
BRDA:611,28,0,0
BRDA:611,28,1,0
BRDA:616,29,0,0
BRDA:616,29,1,0
BRDA:634,30,0,0
BRDA:634,30,1,0
BRDA:636,31,0,0
BRDA:636,31,1,0
BRDA:639,32,0,0
BRDA:639,32,1,0
BRDA:664,33,0,0
BRDA:664,33,1,0
BRDA:664,34,0,0
BRDA:664,34,1,0
BRDA:666,35,0,0
BRDA:666,35,1,0
BRDA:687,36,0,0
BRDA:687,36,1,0
BRDA:719,37,0,0
BRDA:719,37,1,0
BRDA:735,38,0,0
BRDA:735,38,1,0
BRDA:772,39,0,0
BRDA:774,40,0,0
BRDA:777,41,0,0
BRDA:777,41,1,0
BRDA:834,42,0,0
BRDA:837,43,0,0
BRDA:837,43,1,0
BRDA:857,44,0,0
BRDA:857,44,1,0
BRDA:862,45,0,0
BRDA:862,45,1,0
BRDA:894,46,0,0
BRDA:903,47,0,0
BRDA:903,47,1,0
BRDA:903,47,2,0
BRDA:908,48,0,0
BRDA:908,48,1,0
BRDA:911,49,0,0
BRDA:911,49,1,0
BRDA:914,50,0,0
BRDA:914,50,1,0
BRDA:916,51,0,0
BRDA:916,51,1,0
BRDA:916,51,2,0
BRDA:916,51,3,0
BRDA:934,52,0,0
BRDA:934,52,1,0
BRDA:945,53,0,0
BRDA:945,53,1,0
BRDA:950,54,0,0
BRDA:950,54,1,0
BRDA:974,55,0,0
BRDA:974,55,1,0
BRDA:999,56,0,0
BRDA:999,56,1,0
BRDA:1032,57,0,0
BRDA:1032,57,1,0
BRDA:1032,57,2,0
BRDA:1075,58,0,0
BRDA:1075,58,1,0
BRDA:1075,58,2,0
BRDA:1075,58,3,0
BRDA:1088,59,0,0
BRDA:1088,59,1,0
BRDA:1089,60,0,0
BRDA:1089,60,1,0
BRDA:1117,61,0,0
BRDA:1117,61,1,0
BRDA:1187,62,0,3
BRDA:1187,62,1,8
BRDA:1195,63,0,8
BRDA:1195,63,1,3
BRDA:1196,64,0,8
BRDA:1196,64,1,3
BRDA:1211,65,0,0
BRDA:1211,65,1,2
BRDA:1231,66,0,3
BRDA:1231,66,1,0
BRDA:1232,67,0,3
BRDA:1232,67,1,0
BRDA:1267,68,0,2
BRDA:1267,68,1,0
BRDA:1268,69,0,2
BRDA:1268,69,1,0
BRDA:1303,70,0,5
BRDA:1303,70,1,0
BRDA:1304,71,0,5
BRDA:1304,71,1,0
BRDA:1332,72,0,2
BRDA:1332,72,1,0
BRDA:1333,73,0,2
BRDA:1333,73,1,0
BRDA:1351,74,0,1
BRDA:1351,74,1,2
BRDA:1379,75,0,1
BRDA:1379,75,1,3
BRDA:1385,76,0,0
BRDA:1385,76,1,3
BRDA:1405,77,0,1
BRDA:1405,77,1,2
BRDA:1429,78,0,0
BRDA:1429,78,1,0
BRDA:1448,79,0,0
BRDA:1448,79,1,0
BRDA:1467,80,0,0
BRDA:1467,80,1,0
BRDA:1495,81,0,0
BRDA:1495,81,1,0
BRDA:1500,82,0,0
BRDA:1500,82,1,0
BRDA:1538,83,0,2
BRDA:1538,83,1,0
BRDA:1547,84,0,0
BRDA:1547,84,1,1
BRDA:1547,85,0,1
BRDA:1547,85,1,1
BRDA:1549,86,0,0
BRDA:1549,86,1,0
BRDA:1568,87,0,1
BRDA:1568,87,1,0
BRDA:1569,88,0,1
BRDA:1569,88,1,1
BRDA:1597,89,0,3
BRDA:1597,89,1,0
BRDA:1597,90,0,3
BRDA:1597,90,1,3
BRDA:1606,91,0,0
BRDA:1606,91,1,0
BRDA:1644,92,0,1
BRDA:1644,92,1,0
BRDA:1645,93,0,1
BRDA:1645,93,1,0
BRDA:1673,94,0,3
BRDA:1673,94,1,0
BRDA:1673,95,0,3
BRDA:1673,95,1,2
BRDA:1685,96,0,0
BRDA:1685,96,1,0
BRDA:1686,97,0,0
BRDA:1686,97,1,0
BRDA:1688,98,0,0
BRDA:1688,98,1,0
BRDA:1713,99,0,1
BRDA:1713,99,1,0
BRDA:1714,100,0,1
BRDA:1714,100,1,1
BRDA:1742,101,0,2
BRDA:1742,101,1,0
BRDA:1742,102,0,2
BRDA:1742,102,1,2
BRDA:1753,103,0,0
BRDA:1753,103,1,0
BRDA:1755,104,0,0
BRDA:1755,104,1,0
BRF:213
BRH:47
end_of_record
TN:
SF:api\kpiService.ts
FN:42,(anonymous_0)
FN:104,(anonymous_1)
FN:109,(anonymous_2)
FN:132,(anonymous_3)
FN:134,(anonymous_4)
FN:142,(anonymous_5)
FN:143,(anonymous_6)
FN:158,(anonymous_7)
FN:190,(anonymous_8)
FN:230,(anonymous_9)
FN:266,(anonymous_10)
FN:267,(anonymous_11)
FN:282,(anonymous_12)
FN:311,(anonymous_13)
FN:343,(anonymous_14)
FN:356,(anonymous_15)
FN:357,(anonymous_16)
FN:376,(anonymous_17)
FN:402,(anonymous_18)
FN:438,(anonymous_19)
FN:461,(anonymous_20)
FNF:21
FNH:0
FNDA:0,(anonymous_0)
FNDA:0,(anonymous_1)
FNDA:0,(anonymous_2)
FNDA:0,(anonymous_3)
FNDA:0,(anonymous_4)
FNDA:0,(anonymous_5)
FNDA:0,(anonymous_6)
FNDA:0,(anonymous_7)
FNDA:0,(anonymous_8)
FNDA:0,(anonymous_9)
FNDA:0,(anonymous_10)
FNDA:0,(anonymous_11)
FNDA:0,(anonymous_12)
FNDA:0,(anonymous_13)
FNDA:0,(anonymous_14)
FNDA:0,(anonymous_15)
FNDA:0,(anonymous_16)
FNDA:0,(anonymous_17)
FNDA:0,(anonymous_18)
FNDA:0,(anonymous_19)
FNDA:0,(anonymous_20)
DA:51,0
DA:54,0
DA:61,0
DA:64,0
DA:67,0
DA:70,0
DA:73,0
DA:82,0
DA:90,0
DA:109,0
DA:110,0
DA:112,0
DA:117,0
DA:118,0
DA:122,0
DA:133,0
DA:134,0
DA:135,0
DA:137,0
DA:142,0
DA:143,0
DA:144,0
DA:148,0
DA:164,0
DA:165,0
DA:172,0
DA:174,0
DA:175,0
DA:178,0
DA:180,0
DA:199,0
DA:200,0
DA:207,0
DA:209,0
DA:213,0
DA:216,0
DA:220,0
DA:237,0
DA:238,0
DA:245,0
DA:247,0
DA:250,0
DA:252,0
DA:256,0
DA:267,0
DA:269,0
DA:273,0
DA:275,0
DA:276,0
DA:283,0
DA:292,0
DA:293,0
DA:294,0
DA:295,0
DA:296,0
DA:299,0
DA:305,0
DA:312,0
DA:313,0
DA:316,0
DA:317,0
DA:320,0
DA:321,0
DA:324,0
DA:325,0
DA:328,0
DA:329,0
DA:332,0
DA:333,0
DA:335,0
DA:336,0
DA:337,0
DA:346,0
DA:348,0
DA:356,0
DA:357,0
DA:358,0
DA:359,0
DA:361,0
DA:370,0
DA:377,0
DA:396,0
DA:403,0
DA:406,0
DA:407,0
DA:408,0
DA:411,0
DA:412,0
DA:413,0
DA:416,0
DA:417,0
DA:418,0
DA:421,0
DA:422,0
DA:423,0
DA:426,0
DA:427,0
DA:430,0
DA:432,0
DA:443,0
DA:445,0
DA:446,0
DA:447,0
DA:448,0
DA:449,0
DA:451,0
DA:452,0
DA:453,0
DA:454,0
DA:465,0
DA:468,0
DA:469,0
DA:470,0
DA:474,0
DA:475,0
DA:476,0
DA:480,0
DA:481,0
DA:482,0
DA:486,0
DA:487,0
DA:488,0
DA:492,0
DA:493,0
DA:494,0
DA:498,0
DA:499,0
DA:500,0
DA:503,0
LF:129
LH:0
BRDA:110,0,0,0
BRDA:110,0,1,0
BRDA:112,1,0,0
BRDA:112,1,1,0
BRDA:118,2,0,0
BRDA:118,2,1,0
BRDA:134,3,0,0
BRDA:134,3,1,0
BRDA:135,4,0,0
BRDA:135,4,1,0
BRDA:137,5,0,0
BRDA:137,5,1,0
BRDA:143,6,0,0
BRDA:143,6,1,0
BRDA:144,7,0,0
BRDA:144,7,1,0
BRDA:164,8,0,0
BRDA:164,8,1,0
BRDA:174,9,0,0
BRDA:174,9,1,0
BRDA:175,10,0,0
BRDA:175,10,1,0
BRDA:199,11,0,0
BRDA:199,11,1,0
BRDA:209,12,0,0
BRDA:209,12,1,0
BRDA:213,13,0,0
BRDA:213,13,1,0
BRDA:216,14,0,0
BRDA:216,14,1,0
BRDA:237,15,0,0
BRDA:237,15,1,0
BRDA:247,16,0,0
BRDA:247,16,1,0
BRDA:252,17,0,0
BRDA:252,17,1,0
BRDA:269,18,0,0
BRDA:269,18,1,0
BRDA:270,19,0,0
BRDA:270,19,1,0
BRDA:273,20,0,0
BRDA:273,20,1,0
BRDA:273,21,0,0
BRDA:273,21,1,0
BRDA:294,22,0,0
BRDA:294,22,1,0
BRDA:316,23,0,0
BRDA:316,23,1,0
BRDA:317,24,0,0
BRDA:317,24,1,0
BRDA:320,25,0,0
BRDA:320,25,1,0
BRDA:321,26,0,0
BRDA:321,26,1,0
BRDA:324,27,0,0
BRDA:324,27,1,0
BRDA:325,28,0,0
BRDA:325,28,1,0
BRDA:328,29,0,0
BRDA:328,29,1,0
BRDA:328,30,0,0
BRDA:328,30,1,0
BRDA:329,31,0,0
BRDA:329,31,1,0
BRDA:329,32,0,0
BRDA:329,32,1,0
BRDA:332,33,0,0
BRDA:332,33,1,0
BRDA:333,34,0,0
BRDA:333,34,1,0
BRDA:335,35,0,0
BRDA:335,35,1,0
BRDA:336,36,0,0
BRDA:336,36,1,0
BRDA:358,37,0,0
BRDA:358,37,1,0
BRDA:396,38,0,0
BRDA:396,38,1,0
BRDA:441,39,0,0
BRDA:445,40,0,0
BRDA:445,40,1,0
BRDA:446,41,0,0
BRDA:446,41,1,0
BRDA:447,42,0,0
BRDA:447,42,1,0
BRDA:448,43,0,0
BRDA:448,43,1,0
BRDA:451,44,0,0
BRDA:451,44,1,0
BRDA:452,45,0,0
BRDA:452,45,1,0
BRDA:453,46,0,0
BRDA:453,46,1,0
BRDA:468,47,0,0
BRDA:468,47,1,0
BRDA:468,48,0,0
BRDA:468,48,1,0
BRDA:474,49,0,0
BRDA:474,49,1,0
BRDA:474,50,0,0
BRDA:474,50,1,0
BRDA:480,51,0,0
BRDA:480,51,1,0
BRDA:480,52,0,0
BRDA:480,52,1,0
BRDA:486,53,0,0
BRDA:486,53,1,0
BRDA:486,54,0,0
BRDA:486,54,1,0
BRDA:492,55,0,0
BRDA:492,55,1,0
BRDA:492,56,0,0
BRDA:492,56,1,0
BRDA:498,57,0,0
BRDA:498,57,1,0
BRF:115
BRH:0
end_of_record
TN:
SF:api\monitoringService.ts
FN:130,(anonymous_0)
FN:179,(anonymous_1)
FN:214,(anonymous_2)
FN:256,(anonymous_3)
FN:271,(anonymous_4)
FN:281,(anonymous_5)
FN:282,(anonymous_6)
FN:288,(anonymous_7)
FN:297,(anonymous_8)
FN:317,(anonymous_9)
FN:334,(anonymous_10)
FN:351,(anonymous_11)
FN:396,(anonymous_12)
FN:397,(anonymous_13)
FN:410,(anonymous_14)
FN:434,(anonymous_15)
FN:455,(anonymous_16)
FN:480,(anonymous_17)
FN:496,(anonymous_18)
FN:510,(anonymous_19)
FN:521,(anonymous_20)
FN:529,(anonymous_21)
FN:541,(anonymous_22)
FN:553,(anonymous_23)
FN:586,(anonymous_24)
FN:612,(anonymous_25)
FN:613,(anonymous_26)
FN:619,(anonymous_27)
FN:641,(anonymous_28)
FN:656,(anonymous_29)
FN:711,(anonymous_30)
FN:739,(anonymous_31)
FN:756,(anonymous_32)
FN:768,(anonymous_33)
FN:781,(anonymous_34)
FN:792,(anonymous_35)
FN:811,(anonymous_36)
FN:824,(anonymous_37)
FN:838,(anonymous_38)
FN:856,(anonymous_39)
FN:870,(anonymous_40)
FN:893,(anonymous_41)
FN:903,(anonymous_42)
FN:920,(anonymous_43)
FN:931,(anonymous_44)
FN:943,(anonymous_45)
FN:945,(anonymous_46)
FN:968,(anonymous_47)
FN:979,(anonymous_48)
FN:981,(anonymous_49)
FN:1000,(anonymous_50)
FN:1036,(anonymous_51)
FN:1050,(anonymous_52)
FN:1059,(anonymous_53)
FN:1068,(anonymous_54)
FN:1078,(anonymous_55)
FN:1087,(anonymous_56)
FN:1096,(anonymous_57)
FN:1106,(anonymous_58)
FN:1182,(anonymous_59)
FN:1261,(anonymous_60)
FN:1274,(anonymous_61)
FN:1281,(anonymous_62)
FN:1319,(anonymous_63)
FN:1332,(anonymous_64)
FN:1345,(anonymous_65)
FN:1357,(anonymous_66)
FNF:67
FNH:8
FNDA:0,(anonymous_0)
FNDA:0,(anonymous_1)
FNDA:7,(anonymous_2)
FNDA:1,(anonymous_3)
FNDA:1,(anonymous_4)
FNDA:1,(anonymous_5)
FNDA:0,(anonymous_6)
FNDA:0,(anonymous_7)
FNDA:0,(anonymous_8)
FNDA:0,(anonymous_9)
FNDA:0,(anonymous_10)
FNDA:0,(anonymous_11)
FNDA:0,(anonymous_12)
FNDA:0,(anonymous_13)
FNDA:7,(anonymous_14)
FNDA:7,(anonymous_15)
FNDA:0,(anonymous_16)
FNDA:0,(anonymous_17)
FNDA:0,(anonymous_18)
FNDA:0,(anonymous_19)
FNDA:0,(anonymous_20)
FNDA:0,(anonymous_21)
FNDA:0,(anonymous_22)
FNDA:7,(anonymous_23)
FNDA:0,(anonymous_24)
FNDA:0,(anonymous_25)
FNDA:0,(anonymous_26)
FNDA:0,(anonymous_27)
FNDA:0,(anonymous_28)
FNDA:0,(anonymous_29)
FNDA:0,(anonymous_30)
FNDA:0,(anonymous_31)
FNDA:0,(anonymous_32)
FNDA:0,(anonymous_33)
FNDA:0,(anonymous_34)
FNDA:0,(anonymous_35)
FNDA:0,(anonymous_36)
FNDA:0,(anonymous_37)
FNDA:0,(anonymous_38)
FNDA:4,(anonymous_39)
FNDA:0,(anonymous_40)
FNDA:0,(anonymous_41)
FNDA:0,(anonymous_42)
FNDA:0,(anonymous_43)
FNDA:0,(anonymous_44)
FNDA:0,(anonymous_45)
FNDA:0,(anonymous_46)
FNDA:0,(anonymous_47)
FNDA:0,(anonymous_48)
FNDA:0,(anonymous_49)
FNDA:0,(anonymous_50)
FNDA:0,(anonymous_51)
FNDA:0,(anonymous_52)
FNDA:0,(anonymous_53)
FNDA:0,(anonymous_54)
FNDA:0,(anonymous_55)
FNDA:0,(anonymous_56)
FNDA:0,(anonymous_57)
FNDA:0,(anonymous_58)
FNDA:0,(anonymous_59)
FNDA:0,(anonymous_60)
FNDA:0,(anonymous_61)
FNDA:0,(anonymous_62)
FNDA:0,(anonymous_63)
FNDA:0,(anonymous_64)
FNDA:0,(anonymous_65)
FNDA:0,(anonymous_66)
DA:8,1
DA:22,1
DA:129,1
DA:131,0
DA:132,0
DA:135,0
DA:136,0
DA:137,0
DA:138,0
DA:139,0
DA:142,0
DA:143,0
DA:145,0
DA:146,0
DA:148,0
DA:149,0
DA:151,0
DA:152,0
DA:154,0
DA:155,0
DA:159,0
DA:160,0
DA:162,0
DA:163,0
DA:165,0
DA:166,0
DA:168,0
DA:169,0
DA:172,0
DA:180,0
DA:181,0
DA:184,0
DA:185,0
DA:187,0
DA:188,0
DA:190,0
DA:191,0
DA:193,0
DA:194,0
DA:198,0
DA:199,0
DA:200,0
DA:203,0
DA:204,0
DA:207,0
DA:215,7
DA:216,7
DA:219,7
DA:220,0
DA:222,7
DA:223,0
DA:227,7
DA:228,0
DA:232,7
DA:233,0
DA:236,7
DA:248,1
DA:250,1
DA:251,1
DA:253,1
DA:254,1
DA:257,1
DA:268,1
DA:272,1
DA:273,1
DA:275,1
DA:282,1
DA:283,0
DA:284,0
DA:285,0
DA:288,1
DA:289,0
DA:290,0
DA:298,0
DA:301,0
DA:302,0
DA:303,0
DA:304,0
DA:305,0
DA:306,0
DA:311,0
DA:318,0
DA:320,0
DA:321,0
DA:322,0
DA:323,0
DA:328,0
DA:335,0
DA:337,0
DA:338,0
DA:339,0
DA:340,0
DA:345,0
DA:352,0
DA:353,0
DA:354,0
DA:356,0
DA:369,0
DA:371,0
DA:372,0
DA:373,0
DA:376,0
DA:377,0
DA:380,0
DA:382,0
DA:383,0
DA:397,0
DA:398,0
DA:404,0
DA:411,7
DA:412,7
DA:423,7
DA:425,7
DA:426,0
DA:427,0
DA:430,7
DA:431,0
DA:434,7
DA:435,7
DA:441,7
DA:442,0
DA:446,7
DA:448,0
DA:456,0
DA:457,0
DA:458,0
DA:460,0
DA:469,0
DA:471,0
DA:472,0
DA:473,0
DA:476,0
DA:477,0
DA:480,0
DA:481,0
DA:487,0
DA:489,0
DA:497,0
DA:499,0
DA:511,0
DA:512,0
DA:513,0
DA:514,0
DA:515,0
DA:522,0
DA:523,0
DA:530,0
DA:531,0
DA:532,0
DA:533,0
DA:535,0
DA:542,0
DA:544,0
DA:546,0
DA:554,7
DA:555,0
DA:556,0
DA:557,0
DA:560,7
DA:562,7
DA:563,7
DA:564,7
DA:565,7
DA:567,0
DA:568,0
DA:570,0
DA:571,0
DA:577,0
DA:580,0
DA:587,0
DA:589,0
DA:591,0
DA:593,0
DA:594,0
DA:596,0
DA:597,0
DA:598,0
DA:600,0
DA:602,0
DA:606,0
DA:613,0
DA:620,0
DA:622,0
DA:626,0
DA:628,0
DA:631,0
DA:635,0
DA:637,0
DA:638,0
DA:639,0
DA:641,0
DA:642,0
DA:643,0
DA:644,0
DA:645,0
DA:648,0
DA:649,0
DA:654,0
DA:655,0
DA:656,0
DA:659,0
DA:662,0
DA:665,0
DA:668,0
DA:676,0
DA:683,0
DA:685,0
DA:703,0
DA:704,0
DA:717,0
DA:720,0
DA:721,0
DA:724,0
DA:725,0
DA:728,0
DA:731,0
DA:733,0
DA:744,0
DA:746,0
DA:757,0
DA:759,0
DA:760,0
DA:761,0
DA:762,0
DA:771,0
DA:772,0
DA:773,0
DA:775,0
DA:782,0
DA:783,0
DA:784,0
DA:786,0
DA:793,0
DA:794,0
DA:795,0
DA:800,0
DA:801,0
DA:803,0
DA:804,0
DA:812,0
DA:813,0
DA:814,0
DA:819,0
DA:821,0
DA:823,0
DA:824,0
DA:825,0
DA:828,0
DA:830,0
DA:831,0
DA:839,0
DA:840,0
DA:841,0
DA:845,0
DA:846,0
DA:848,0
DA:849,0
DA:857,4
DA:858,4
DA:863,0
DA:871,0
DA:873,0
DA:876,0
DA:886,0
[...]
BRDA:119,8,1,0
BRDA:120,9,0,0
BRDA:120,9,1,0
BRDA:120,10,0,0
BRDA:120,10,1,0
BRDA:124,11,0,0
BRDA:124,11,1,0
BRDA:142,12,0,0
BRDA:142,12,1,0
BRF:26
BRH:0
end_of_record
TN:
SF:views\LogisticsView.tsx
FN:21,LogisticsView
FN:30,(anonymous_1)
FN:40,(anonymous_2)
FN:47,(anonymous_3)
FN:48,(anonymous_4)
FN:59,(anonymous_5)
FN:73,(anonymous_6)
FN:74,(anonymous_7)
FN:76,(anonymous_8)
FN:80,(anonymous_9)
FN:96,(anonymous_10)
FN:112,(anonymous_11)
FN:133,(anonymous_12)
FN:143,(anonymous_13)
FNF:14
FNH:0
FNDA:0,LogisticsView
FNDA:0,(anonymous_1)
FNDA:0,(anonymous_2)
FNDA:0,(anonymous_3)
FNDA:0,(anonymous_4)
FNDA:0,(anonymous_5)
FNDA:0,(anonymous_6)
FNDA:0,(anonymous_7)
FNDA:0,(anonymous_8)
FNDA:0,(anonymous_9)
FNDA:0,(anonymous_10)
FNDA:0,(anonymous_11)
FNDA:0,(anonymous_12)
FNDA:0,(anonymous_13)
DA:22,0
DA:23,0
DA:24,0
DA:25,0
DA:27,0
DA:28,0
DA:30,0
DA:31,0
DA:32,0
DA:33,0
DA:34,0
DA:35,0
DA:36,0
DA:40,0
DA:41,0
DA:42,0
DA:43,0
DA:44,0
DA:47,0
DA:48,0
DA:52,0
DA:59,0
DA:74,0
DA:76,0
DA:80,0
DA:96,0
DA:113,0
DA:133,0
DA:143,0
LF:29
LH:0
BRDA:31,0,0,0
BRDA:31,0,1,0
BRDA:31,0,2,0
BRDA:31,0,3,0
BRDA:31,0,4,0
BRDA:41,1,0,0
BRDA:41,1,1,0
BRDA:42,2,0,0
BRDA:42,2,1,0
BRDA:42,3,0,0
BRDA:42,3,1,0
BRDA:43,4,0,0
BRDA:43,4,1,0
BRDA:43,5,0,0
BRDA:43,5,1,0
BRDA:58,6,0,0
BRDA:58,6,1,0
BRDA:79,7,0,0
BRDA:79,7,1,0
BRDA:79,7,2,0
BRDA:130,8,0,0
BRDA:130,8,1,0
BRDA:130,8,2,0
BRDA:130,8,3,0
BRDA:140,9,0,0
BRDA:140,9,1,0
BRF:26
BRH:0
end_of_record
TN:
SF:views\MasterDataView.tsx
FN:14,MasterDataView
FN:43,(anonymous_1)
FNF:2
FNH:0
FNDA:0,MasterDataView
FNDA:0,(anonymous_1)
DA:17,0
DA:44,0
LF:2
LH:0
BRF:0
BRH:0
end_of_record
TN:
SF:views\MonitoringView.tsx
FN:22,(anonymous_0)
FN:31,(anonymous_1)
FN:36,(anonymous_2)
FN:70,(anonymous_3)
FN:73,(anonymous_4)
FN:149,(anonymous_5)
FNF:6
FNH:0
FNDA:0,(anonymous_0)
FNDA:0,(anonymous_1)
FNDA:0,(anonymous_2)
FNDA:0,(anonymous_3)
FNDA:0,(anonymous_4)
FNDA:0,(anonymous_5)
DA:22,0
DA:23,0
DA:24,0
DA:26,0
DA:27,0
DA:28,0
DA:29,0
DA:31,0
DA:32,0
DA:33,0
DA:36,0
DA:37,0
DA:38,0
DA:39,0
DA:40,0
DA:41,0
DA:42,0
DA:46,0
DA:71,0
DA:73,0
DA:149,0
LF:21
LH:0
BRDA:22,0,0,0
BRDA:37,1,0,0
BRDA:37,1,1,0
BRDA:38,2,0,0
BRDA:38,2,1,0
BRDA:38,2,2,0
BRDA:38,2,3,0
BRDA:62,3,0,0
BRDA:62,3,1,0
BRDA:64,4,0,0
BRDA:64,4,1,0
BRDA:64,5,0,0
BRDA:64,5,1,0
BRDA:75,6,0,0
BRDA:75,6,1,0
BRDA:89,7,0,0
BRDA:89,7,1,0
BRDA:92,8,0,0
BRDA:92,8,1,0
BRDA:92,9,0,0
BRDA:92,9,1,0
BRDA:104,10,0,0
BRDA:104,10,1,0
BRDA:107,11,0,0
BRDA:107,11,1,0
BRDA:114,12,0,0
BRDA:114,12,1,0
BRDA:117,13,0,0
BRDA:117,13,1,0
BRDA:127,14,0,0
BRDA:127,14,1,0
BRDA:134,15,0,0
BRDA:134,15,1,0
BRDA:137,16,0,0
BRDA:137,16,1,0
BRDA:152,17,0,0
BRDA:152,17,1,0
BRDA:156,18,0,0
BRDA:156,18,1,0
BRDA:239,19,0,0
BRDA:239,19,1,0
BRDA:254,20,0,0
BRDA:254,20,1,0
BRDA:260,21,0,0
BRDA:260,21,1,0
BRDA:266,22,0,0
BRDA:266,22,1,0
BRF:47
BRH:0
end_of_record
TN:
SF:views\NotificationCenterView.tsx
FN:44,(anonymous_0)
FN:58,(anonymous_1)
FN:132,NotificationCenterView
FN:142,(anonymous_3)
FN:144,(anonymous_4)
FN:157,(anonymous_5)
FN:161,(anonymous_6)
FN:165,(anonymous_7)
FN:177,(anonymous_8)
FN:178,(anonymous_9)
FN:179,(anonymous_10)
FN:184,(anonymous_11)
FN:185,(anonymous_12)
FN:186,(anonymous_13)
FN:190,(anonymous_14)
FN:191,(anonymous_15)
FN:191,(anonymous_16)
FN:195,(anonymous_17)
FN:196,(anonymous_18)
FN:196,(anonymous_19)
FN:200,(anonymous_20)
FN:201,(anonymous_21)
FN:201,(anonymous_22)
FN:206,(anonymous_23)
FN:207,(anonymous_24)
FN:208,(anonymous_25)
FN:214,(anonymous_26)
FN:215,(anonymous_27)
FN:217,(anonymous_28)
FN:222,(anonymous_29)
FN:226,(anonymous_30)
FN:230,(anonymous_31)
FN:328,(anonymous_32)
FN:336,(anonymous_33)
FN:343,(anonymous_34)
FN:356,(anonymous_35)
FN:427,(anonymous_36)
FN:440,(anonymous_37)
FN:485,(anonymous_38)
FN:494,(anonymous_39)
FNF:40
FNH:0
FNDA:0,(anonymous_0)
FNDA:0,(anonymous_1)
FNDA:0,NotificationCenterView
FNDA:0,(anonymous_3)
FNDA:0,(anonymous_4)
FNDA:0,(anonymous_5)
FNDA:0,(anonymous_6)
FNDA:0,(anonymous_7)
FNDA:0,(anonymous_8)
FNDA:0,(anonymous_9)
FNDA:0,(anonymous_10)
FNDA:0,(anonymous_11)
FNDA:0,(anonymous_12)
FNDA:0,(anonymous_13)
FNDA:0,(anonymous_14)
FNDA:0,(anonymous_15)
FNDA:0,(anonymous_16)
FNDA:0,(anonymous_17)
FNDA:0,(anonymous_18)
FNDA:0,(anonymous_19)
FNDA:0,(anonymous_20)
FNDA:0,(anonymous_21)
FNDA:0,(anonymous_22)
FNDA:0,(anonymous_23)
FNDA:0,(anonymous_24)
FNDA:0,(anonymous_25)
FNDA:0,(anonymous_26)
FNDA:0,(anonymous_27)
FNDA:0,(anonymous_28)
FNDA:0,(anonymous_29)
FNDA:0,(anonymous_30)
FNDA:0,(anonymous_31)
FNDA:0,(anonymous_32)
FNDA:0,(anonymous_33)
FNDA:0,(anonymous_34)
FNDA:0,(anonymous_35)
FNDA:0,(anonymous_36)
FNDA:0,(anonymous_37)
FNDA:0,(anonymous_38)
FNDA:0,(anonymous_39)
DA:35,0
DA:44,0
DA:45,0
DA:46,0
DA:47,0
DA:48,0
DA:49,0
DA:50,0
DA:51,0
DA:52,0
DA:53,0
DA:54,0
DA:58,0
DA:59,0
DA:60,0
DA:61,0
DA:62,0
DA:63,0
DA:68,0
DA:133,0
DA:135,0
DA:136,0
DA:137,0
DA:138,0
DA:139,0
DA:142,0
DA:144,0
DA:146,0
DA:147,0
DA:157,0
DA:161,0
DA:165,0
DA:166,0
DA:167,0
DA:169,0
DA:171,0
DA:175,0
DA:177,0
DA:178,0
DA:180,0
DA:184,0
DA:185,0
DA:186,0
DA:190,0
DA:191,0
DA:192,0
DA:195,0
DA:196,0
DA:197,0
DA:200,0
DA:201,0
DA:202,0
DA:203,0
DA:206,0
DA:207,0
DA:208,0
DA:210,0
DA:211,0
DA:214,0
DA:215,0
DA:216,0
DA:217,0
DA:222,0
DA:223,0
DA:224,0
DA:226,0
DA:230,0
DA:231,0
DA:232,0
DA:233,0
DA:235,0
DA:236,0
DA:237,0
DA:238,0
DA:241,0
DA:328,0
DA:337,0
DA:338,0
DA:343,0
DA:356,0
DA:428,0
DA:440,0
DA:485,0
DA:494,0
LF:84
LH:0
BRDA:45,0,0,0
BRDA:45,0,1,0
BRDA:45,0,2,0
BRDA:45,0,3,0
BRDA:45,0,4,0
BRDA:45,0,5,0
BRDA:45,0,6,0
BRDA:45,0,7,0
BRDA:45,0,8,0
BRDA:59,1,0,0
BRDA:59,1,1,0
BRDA:59,1,2,0
BRDA:59,1,3,0
BRDA:146,2,0,0
BRDA:146,2,1,0
BRDA:166,3,0,0
BRDA:166,3,1,0
BRDA:166,3,2,0
BRDA:167,4,0,0
BRDA:167,4,1,0
BRDA:169,5,0,0
BRDA:169,5,1,0
BRDA:171,6,0,0
BRDA:171,6,1,0
BRDA:171,6,2,0
BRDA:186,7,0,0
BRDA:186,7,1,0
BRDA:208,8,0,0
BRDA:208,8,1,0
BRDA:216,9,0,0
BRDA:216,9,1,0
BRDA:223,10,0,0
BRDA:223,10,1,0
BRDA:235,11,0,0
BRDA:235,11,1,0
BRDA:236,12,0,0
BRDA:236,12,1,0
BRDA:237,13,0,0
BRDA:237,13,1,0
BRDA:341,14,0,0
BRDA:341,14,1,0
BRDA:354,15,0,0
BRDA:354,15,1,0
BRDA:366,16,0,0
BRDA:366,16,1,0
BRDA:403,17,0,0
BRDA:403,17,1,0
BRDA:412,18,0,0
BRDA:412,18,1,0
BRDA:419,19,0,0
BRDA:419,19,1,0
BRDA:433,20,0,0
BRDA:433,20,1,0
BRDA:451,21,0,0
BRDA:451,21,1,0
BRDA:461,22,0,0
BRDA:461,22,1,0
BRDA:470,23,0,0
BRDA:470,23,1,0
BRDA:471,24,0,0
BRDA:471,24,1,0
BRDA:472,25,0,0
BRDA:472,25,1,0
BRDA:473,26,0,0
BRDA:473,26,1,0
BRDA:481,27,0,0
BRDA:481,27,1,0
BRDA:501,28,0,0
BRDA:501,28,1,0
BRDA:501,28,2,0
BRF:70
BRH:0
end_of_record
TN:
SF:views\ProfileView.tsx
FN:13,ProfileView
FN:32,(anonymous_1)
FN:65,(anonymous_2)
FN:166,(anonymous_3)
FN:178,(anonymous_4)
FN:198,(anonymous_5)
FN:212,(anonymous_6)
FN:249,(anonymous_7)
FN:260,(anonymous_8)
FN:270,(anonymous_9)
FN:281,(anonymous_10)
FN:295,(anonymous_11)
FNF:12
FNH:0
FNDA:0,ProfileView
FNDA:0,(anonymous_1)
FNDA:0,(anonymous_2)
FNDA:0,(anonymous_3)
FNDA:0,(anonymous_4)
FNDA:0,(anonymous_5)
FNDA:0,(anonymous_6)
FNDA:0,(anonymous_7)
FNDA:0,(anonymous_8)
FNDA:0,(anonymous_9)
FNDA:0,(anonymous_10)
FNDA:0,(anonymous_11)
DA:14,0
DA:15,0
DA:16,0
DA:17,0
DA:20,0
DA:21,0
DA:22,0
DA:25,0
DA:26,0
DA:27,0
DA:29,0
DA:30,0
DA:32,0
DA:33,0
DA:34,0
DA:36,0
DA:37,0
DA:38,0
DA:40,0
DA:42,0
DA:48,0
DA:49,0
DA:55,0
DA:56,0
DA:58,0
DA:59,0
DA:61,0
DA:65,0
DA:66,0
DA:67,0
DA:69,0
DA:70,0
DA:73,0
DA:74,0
DA:75,0
DA:78,0
DA:79,0
DA:80,0
DA:83,0
DA:85,0
DA:87,0
DA:91,0
DA:94,0
DA:96,0
DA:97,0
DA:98,0
DA:99,0
DA:100,0
DA:102,0
DA:103,0
DA:104,0
DA:105,0
DA:106,0
DA:108,0
DA:111,0
DA:115,0
DA:116,0
DA:123,0
DA:166,0
DA:178,0
DA:198,0
DA:213,0
DA:214,0
DA:215,0
DA:249,0
DA:260,0
DA:270,0
DA:281,0
DA:296,0
DA:297,0
DA:298,0
DA:299,0
DA:300,0
LF:73
LH:0
BRDA:20,0,0,0
BRDA:20,0,1,0
BRDA:21,1,0,0
BRDA:21,1,1,0
BRDA:22,2,0,0
BRDA:22,2,1,0
BRDA:34,3,0,0
BRDA:34,3,1,0
BRDA:48,4,0,0
BRDA:48,4,1,0
BRDA:67,5,0,0
BRDA:67,5,1,0
BRDA:73,6,0,0
BRDA:73,6,1,0
BRDA:78,7,0,0
BRDA:78,7,1,0
BRDA:103,8,0,0
BRDA:103,8,1,0
BRDA:105,9,0,0
BRDA:105,9,1,0
BRDA:115,10,0,0
BRDA:115,10,1,0
BRDA:136,11,0,0
BRDA:136,11,1,0
BRDA:140,12,0,0
BRDA:140,12,1,0
BRDA:152,13,0,0
BRDA:152,13,1,0
BRDA:206,14,0,0
BRDA:206,14,1,0
BRDA:227,15,0,0
BRDA:227,15,1,0
BRDA:233,16,0,0
BRDA:233,16,1,0
BRDA:248,17,0,0
BRDA:248,17,1,0
BRDA:289,18,0,0
BRDA:289,18,1,0
BRF:38
BRH:0
end_of_record
TN:
SF:views\ProgressView.tsx
FN:14,ProgressView
FN:17,(anonymous_1)
FN:19,(anonymous_2)
FN:25,(anonymous_3)
FN:27,(anonymous_4)
FN:35,(anonymous_5)
FN:38,(anonymous_6)
FN:39,(anonymous_7)
FN:42,(anonymous_8)
FN:43,(anonymous_9)
FN:50,(anonymous_10)
FN:70,(anonymous_11)
FN:83,(anonymous_12)
FNF:13
FNH:0
FNDA:0,ProgressView
FNDA:0,(anonymous_1)
FNDA:0,(anonymous_2)
FNDA:0,(anonymous_3)
FNDA:0,(anonymous_4)
FNDA:0,(anonymous_5)
FNDA:0,(anonymous_6)
FNDA:0,(anonymous_7)
FNDA:0,(anonymous_8)
FNDA:0,(anonymous_9)
FNDA:0,(anonymous_10)
FNDA:0,(anonymous_11)
FNDA:0,(anonymous_12)
DA:15,0
DA:17,0
DA:18,0
DA:19,0
DA:20,0
DA:22,0
DA:25,0
DA:26,0
DA:27,0
DA:28,0
DA:30,0
DA:31,0
DA:35,0
DA:37,0
DA:39,0
DA:40,0
DA:43,0
DA:45,0
DA:46,0
DA:50,0
DA:52,0
DA:53,0
DA:54,0
DA:56,0
DA:60,0
DA:71,0
DA:72,0
DA:73,0
DA:83,0
LF:29
LH:0
BRDA:20,0,0,0
BRDA:20,0,1,0
BRDA:28,1,0,0
BRDA:28,1,1,0
BRDA:40,2,0,0
BRDA:40,2,1,0
BRDA:45,3,0,0
BRDA:45,3,1,0
BRDA:52,4,0,0
BRDA:52,4,1,0
BRDA:71,5,0,0
BRDA:71,5,1,0
BRDA:72,6,0,0
BRDA:72,6,1,0
BRF:14
BRH:0
end_of_record
TN:
SF:views\RabAhspView.tsx
FN:15,RabAhspView
FN:31,(anonymous_1)
FN:33,(anonymous_2)
FN:40,(anonymous_3)
FN:42,(anonymous_4)
FN:88,(anonymous_5)
FN:99,(anonymous_6)
FN:126,(anonymous_7)
FN:131,(anonymous_8)
FN:142,(anonymous_9)
FNF:10
FNH:0
FNDA:0,RabAhspView
FNDA:0,(anonymous_1)
FNDA:0,(anonymous_2)
FNDA:0,(anonymous_3)
FNDA:0,(anonymous_4)
FNDA:0,(anonymous_5)
FNDA:0,(anonymous_6)
FNDA:0,(anonymous_7)
FNDA:0,(anonymous_8)
FNDA:0,(anonymous_9)
DA:16,0
DA:19,0
DA:20,0
DA:31,0
DA:33,0
DA:34,0
DA:40,0
DA:41,0
DA:42,0
DA:51,0
DA:52,0
DA:53,0
DA:54,0
DA:55,0
DA:56,0
DA:57,0
DA:58,0
DA:61,0
DA:90,0
DA:92,0
DA:94,0
DA:99,0
DA:126,0
DA:132,0
DA:143,0
LF:25
LH:0
BRDA:19,0,0,0
BRDA:19,0,1,0
BRDA:19,1,0,0
BRDA:19,1,1,0
BRDA:31,2,0,0
BRDA:31,2,1,0
BRDA:31,3,0,0
BRDA:31,3,1,0
BRDA:35,4,0,0
BRDA:35,4,1,0
BRDA:36,5,0,0
BRDA:36,5,1,0
BRDA:90,6,0,0
BRDA:90,6,1,0
BRDA:96,7,0,0
BRDA:96,7,1,0
BRDA:100,8,0,0
BRDA:100,8,1,0
BRDA:103,9,0,0
BRDA:103,9,1,0
BRDA:106,10,0,0
BRDA:106,10,1,0
BRDA:107,11,0,0
BRDA:107,11,1,0
BRDA:108,12,0,0
BRDA:108,12,1,0
BRDA:109,13,0,0
BRDA:109,13,1,0
BRDA:109,14,0,0
BRDA:109,14,1,0
BRDA:125,15,0,0
BRDA:125,15,1,0
BRDA:131,16,0,0
BRDA:131,16,1,0
BRDA:134,17,0,0
BRDA:134,17,1,0
BRDA:134,18,0,0
BRDA:134,18,1,0
BRDA:142,19,0,0
BRDA:142,19,1,0
BRDA:143,20,0,0
BRDA:143,20,1,0
BRDA:145,21,0,0
BRDA:145,21,1,0
BRDA:145,22,0,0
BRDA:145,22,1,0
BRF:46
BRH:0
end_of_record
TN:
SF:views\ReportView.tsx
FN:15,ReportView
FN:20,(anonymous_1)
FN:24,(anonymous_2)
FN:29,(anonymous_3)
FN:34,(anonymous_4)
FN:54,(anonymous_5)
FN:58,(anonymous_6)
FNF:7
FNH:0
FNDA:0,ReportView
FNDA:0,(anonymous_1)
FNDA:0,(anonymous_2)
FNDA:0,(anonymous_3)
FNDA:0,(anonymous_4)
FNDA:0,(anonymous_5)
FNDA:0,(anonymous_6)
DA:16,0
DA:17,0
DA:18,0
DA:20,0
DA:21,0
DA:22,0
DA:24,0
DA:25,0
DA:26,0
DA:29,0
DA:32,0
DA:35,0
DA:36,0
DA:41,0
DA:54,0
DA:58,0
LF:16
LH:0
BRDA:26,0,0,0
BRDA:26,0,1,0
BRDA:36,1,0,0
BRDA:36,1,1,0
BRDA:86,2,0,0
BRDA:86,2,1,0
BRDA:86,3,0,0
BRDA:86,3,1,0
BRDA:89,4,0,0
BRDA:89,4,1,0
BRDA:89,5,0,0
BRDA:89,5,1,0
BRF:12
BRH:0
end_of_record
TN:
SF:views\SecurityDashboardView.tsx
FN:15,SecurityDashboard
FN:38,(anonymous_1)
FN:44,(anonymous_2)
FN:66,(anonymous_3)
FN:67,(anonymous_4)
FN:72,(anonymous_5)
FN:73,(anonymous_6)
FN:77,(anonymous_7)
FN:125,(anonymous_8)
FN:136,(anonymous_9)
FN:147,(anonymous_10)
FN:183,(anonymous_11)
FN:233,(anonymous_12)
FN:247,(anonymous_13)
FN:261,(anonymous_14)
FN:275,(anonymous_15)
FN:301,(anonymous_16)
FN:306,(anonymous_17)
FN:327,(anonymous_18)
FN:417,(anonymous_19)
FN:430,(anonymous_20)
FN:443,(anonymous_21)
FN:454,(anonymous_22)
FN:466,(anonymous_23)
FN:489,(anonymous_24)
FNF:25
FNH:0
FNDA:0,SecurityDashboard
FNDA:0,(anonymous_1)
FNDA:0,(anonymous_2)
FNDA:0,(anonymous_3)
FNDA:0,(anonymous_4)
FNDA:0,(anonymous_5)
FNDA:0,(anonymous_6)
FNDA:0,(anonymous_7)
FNDA:0,(anonymous_8)
FNDA:0,(anonymous_9)
FNDA:0,(anonymous_10)
FNDA:0,(anonymous_11)
FNDA:0,(anonymous_12)
FNDA:0,(anonymous_13)
FNDA:0,(anonymous_14)
FNDA:0,(anonymous_15)
FNDA:0,(anonymous_16)
FNDA:0,(anonymous_17)
FNDA:0,(anonymous_18)
FNDA:0,(anonymous_19)
FNDA:0,(anonymous_20)
FNDA:0,(anonymous_21)
FNDA:0,(anonymous_22)
FNDA:0,(anonymous_23)
FNDA:0,(anonymous_24)
DA:16,0
DA:17,0
DA:24,0
DA:30,0
DA:32,0
DA:33,0
DA:34,0
DA:35,0
DA:38,0
DA:39,0
DA:40,0
DA:44,0
DA:45,0
DA:46,0
DA:47,0
DA:50,0
DA:51,0
DA:52,0
DA:55,0
DA:57,0
DA:58,0
DA:59,0
DA:60,0
DA:62,0
DA:66,0
DA:67,0
DA:68,0
DA:69,0
DA:72,0
DA:73,0
DA:74,0
DA:77,0
DA:78,0
DA:93,0
DA:94,0
DA:95,0
DA:96,0
DA:97,0
DA:98,0
DA:99,0
DA:100,0
DA:101,0
DA:103,0
DA:106,0
DA:125,0
DA:136,0
DA:147,0
DA:183,0
DA:233,0
DA:247,0
DA:261,0
DA:275,0
DA:301,0
DA:307,0
DA:327,0
DA:417,0
DA:430,0
DA:443,0
DA:454,0
DA:466,0
DA:490,0
LF:61
LH:0
BRDA:39,0,0,0
BRDA:39,0,1,0
BRDA:45,1,0,0
BRDA:45,1,1,0
BRDA:50,2,0,0
BRDA:50,2,1,0
BRDA:127,3,0,0
BRDA:127,3,1,0
BRDA:138,4,0,0
BRDA:138,4,1,0
BRDA:149,5,0,0
BRDA:149,5,1,0
BRDA:161,6,0,0
BRDA:161,6,1,0
BRDA:304,7,0,0
BRDA:304,7,1,0
BRDA:304,7,2,0
BRDA:314,8,0,0
BRDA:314,8,1,0
BRDA:314,8,2,0
BRDA:334,9,0,0
BRDA:334,9,1,0
BRDA:345,10,0,0
BRDA:345,10,1,0
BRDA:355,11,0,0
BRDA:355,11,1,0
BRDA:478,12,0,0
BRDA:478,12,1,0
BRDA:492,13,0,0
BRDA:492,13,1,0
BRDA:493,14,0,0
BRDA:493,14,1,0
BRDA:494,15,0,0
BRDA:494,15,1,0
BRDA:506,16,0,0
BRDA:506,16,1,0
BRDA:508,17,0,0
BRDA:508,17,1,0
BRDA:517,18,0,0
BRDA:517,18,1,0
BRF:40
BRH:0
end_of_record
TN:
SF:views\StrategicCostView.tsx
FN:10,StrategicCostView
FN:43,(anonymous_1)
FNF:2
FNH:0
FNDA:0,StrategicCostView
FNDA:0,(anonymous_1)
DA:11,0
DA:13,0
DA:43,0
DA:44,0
LF:4
LH:0
BRDA:33,0,0,0
BRDA:33,0,1,0
BRDA:35,1,0,0
BRDA:35,1,1,0
BRDA:46,2,0,0
BRDA:46,2,1,0
BRF:6
BRH:0
end_of_record
TN:
SF:views\TaskListView.tsx
FN:22,TaskListView
FN:36,(anonymous_1)
FN:40,(anonymous_2)
FN:45,(anonymous_3)
FN:49,(anonymous_4)
FN:50,(anonymous_5)
FN:77,(anonymous_6)
FN:80,(anonymous_7)
FN:81,(anonymous_8)
FN:82,(anonymous_9)
FN:83,(anonymous_10)
FN:87,(anonymous_11)
FN:97,(anonymous_12)
FN:106,(anonymous_13)
FN:110,(anonymous_14)
FN:115,(anonymous_15)
FN:116,(anonymous_16)
FN:119,(anonymous_17)
FN:120,(anonymous_18)
FN:120,(anonymous_19)
FN:123,(anonymous_20)
FN:124,(anonymous_21)
FN:124,(anonymous_22)
FN:180,(anonymous_23)
FN:195,(anonymous_24)
FN:200,(anonymous_25)
FN:207,(anonymous_26)
FN:215,(anonymous_27)
FN:218,(anonymous_28)
FN:232,(anonymous_29)
FN:236,(anonymous_30)
FN:273,(anonymous_31)
FN:304,(anonymous_32)
FN:313,(anonymous_33)
FNF:34
FNH:0
FNDA:0,TaskListView
FNDA:0,(anonymous_1)
FNDA:0,(anonymous_2)
FNDA:0,(anonymous_3)
FNDA:0,(anonymous_4)
FNDA:0,(anonymous_5)
FNDA:0,(anonymous_6)
FNDA:0,(anonymous_7)
FNDA:0,(anonymous_8)
FNDA:0,(anonymous_9)
FNDA:0,(anonymous_10)
FNDA:0,(anonymous_11)
FNDA:0,(anonymous_12)
FNDA:0,(anonymous_13)
FNDA:0,(anonymous_14)
FNDA:0,(anonymous_15)
FNDA:0,(anonymous_16)
FNDA:0,(anonymous_17)
FNDA:0,(anonymous_18)
FNDA:0,(anonymous_19)
FNDA:0,(anonymous_20)
FNDA:0,(anonymous_21)
FNDA:0,(anonymous_22)
FNDA:0,(anonymous_23)
FNDA:0,(anonymous_24)
FNDA:0,(anonymous_25)
FNDA:0,(anonymous_26)
FNDA:0,(anonymous_27)
FNDA:0,(anonymous_28)
FNDA:0,(anonymous_29)
FNDA:0,(anonymous_30)
FNDA:0,(anonymous_31)
FNDA:0,(anonymous_32)
FNDA:0,(anonymous_33)
DA:23,0
DA:24,0
DA:25,0
DA:26,0
DA:27,0
DA:28,0
DA:29,0
DA:30,0
DA:31,0
DA:32,0
DA:33,0
DA:36,0
DA:37,0
DA:39,0
DA:40,0
DA:41,0
DA:42,0
DA:45,0
DA:49,0
DA:50,0
DA:52,0
DA:54,0
DA:58,0
DA:59,0
DA:63,0
DA:64,0
DA:68,0
DA:69,0
DA:72,0
DA:77,0
DA:78,0
DA:80,0
DA:81,0
DA:82,0
DA:83,0
DA:87,0
DA:88,0
DA:89,0
DA:90,0
DA:91,0
DA:92,0
DA:93,0
DA:97,0
DA:98,0
DA:99,0
DA:100,0
DA:101,0
DA:102,0
DA:106,0
DA:107,0
DA:110,0
DA:111,0
DA:112,0
DA:115,0
DA:116,0
DA:119,0
DA:120,0
DA:123,0
DA:124,0
DA:125,0
DA:126,0
DA:129,0
DA:130,0
DA:137,0
DA:180,0
DA:195,0
DA:200,0
DA:207,0
DA:215,0
DA:219,0
DA:233,0
DA:236,0
DA:273,0
DA:304,0
DA:314,0
DA:315,0
LF:76
LH:0
BRDA:37,0,0,0
BRDA:37,0,1,0
BRDA:52,1,0,0
BRDA:52,1,1,0
BRDA:52,2,0,0
BRDA:52,2,1,0
BRDA:52,2,2,0
BRDA:58,3,0,0
BRDA:58,3,1,0
BRDA:58,4,0,0
BRDA:58,4,1,0
BRDA:63,5,0,0
BRDA:63,5,1,0
BRDA:63,6,0,0
BRDA:63,6,1,0
BRDA:68,7,0,0
BRDA:68,7,1,0
BRDA:68,8,0,0
BRDA:68,8,1,0
BRDA:88,9,0,0
BRDA:88,9,1,0
BRDA:88,9,2,0
BRDA:88,9,3,0
BRDA:88,9,4,0
BRDA:98,10,0,0
BRDA:98,10,1,0
BRDA:98,10,2,0
BRDA:98,10,3,0
BRDA:107,11,0,0
BRDA:107,11,1,0
BRDA:120,12,0,0
BRDA:120,12,1,0
BRDA:129,13,0,0
BRDA:129,13,1,0
BRDA:214,14,0,0
BRDA:214,14,1,0
BRDA:217,15,0,0
BRDA:217,15,1,0
BRDA:227,16,0,0
BRDA:227,16,1,0
BRDA:254,17,0,0
BRDA:254,17,1,0
BRDA:256,18,0,0
BRDA:256,18,1,0
BRDA:263,19,0,0
BRDA:263,19,1,0
BRDA:269,20,0,0
BRDA:269,20,1,0
BRDA:301,21,0,0
BRDA:301,21,1,0
BRDA:310,22,0,0
BRDA:310,22,1,0
BRDA:310,22,2,0
BRF:53
BRH:0
end_of_record
TN:
SF:views\TasksView.tsx
FN:32,(anonymous_0)
FN:44,(anonymous_1)
FN:45,(anonymous_2)
FN:56,(anonymous_3)
FN:58,(anonymous_4)
FN:59,(anonymous_5)
FN:60,(anonymous_6)
FN:61,(anonymous_7)
FN:76,(anonymous_8)
FN:85,(anonymous_9)
FN:94,(anonymous_10)
FN:103,(anonymous_11)
FN:128,(anonymous_12)
FN:211,(anonymous_13)
FN:220,(anonymous_14)
FN:231,(anonymous_15)
FN:258,(anonymous_16)
FN:268,(anonymous_17)
FN:272,(anonymous_18)
FN:297,(anonymous_19)
FN:317,(anonymous_20)
FN:326,(anonymous_21)
FN:335,(anonymous_22)
FN:364,(anonymous_23)
FN:386,(anonymous_24)
FNF:25
FNH:0
FNDA:0,(anonymous_0)
FNDA:0,(anonymous_1)
FNDA:0,(anonymous_2)
FNDA:0,(anonymous_3)
FNDA:0,(anonymous_4)
FNDA:0,(anonymous_5)
FNDA:0,(anonymous_6)
FNDA:0,(anonymous_7)
FNDA:0,(anonymous_8)
FNDA:0,(anonymous_9)
FNDA:0,(anonymous_10)
FNDA:0,(anonymous_11)
FNDA:0,(anonymous_12)
FNDA:0,(anonymous_13)
FNDA:0,(anonymous_14)
FNDA:0,(anonymous_15)
FNDA:0,(anonymous_16)
FNDA:0,(anonymous_17)
FNDA:0,(anonymous_18)
FNDA:0,(anonymous_19)
FNDA:0,(anonymous_20)
FNDA:0,(anonymous_21)
FNDA:0,(anonymous_22)
FNDA:0,(anonymous_23)
FNDA:0,(anonymous_24)
DA:32,0
DA:37,0
DA:38,0
DA:39,0
DA:40,0
DA:41,0
DA:44,0
DA:45,0
DA:46,0
DA:48,0
DA:49,0
DA:51,0
DA:56,0
DA:57,0
DA:58,0
DA:59,0
DA:60,0
DA:61,0
DA:62,0
DA:63,0
DA:66,0
DA:76,0
DA:77,0
DA:78,0
DA:79,0
DA:80,0
DA:81,0
DA:85,0
DA:86,0
DA:87,0
DA:88,0
DA:89,0
DA:90,0
DA:94,0
DA:95,0
DA:96,0
DA:97,0
DA:98,0
DA:99,0
DA:103,0
DA:104,0
DA:111,0
DA:128,0
DA:211,0
DA:220,0
DA:231,0
DA:258,0
DA:269,0
DA:272,0
DA:297,0
DA:318,0
DA:319,0
DA:327,0
DA:336,0
DA:337,0
DA:338,0
DA:364,0
DA:386,0
LF:58
LH:0
BRDA:33,0,0,0
BRDA:34,1,0,0
BRDA:46,2,0,0
BRDA:46,2,1,0
BRDA:48,3,0,0
BRDA:48,3,1,0
BRDA:49,4,0,0
BRDA:49,4,1,0
BRDA:51,5,0,0
BRDA:51,5,1,0
BRDA:51,5,2,0
BRDA:62,6,0,0
BRDA:62,6,1,0
BRDA:63,7,0,0
BRDA:63,7,1,0
BRDA:72,8,0,0
BRDA:72,8,1,0
BRDA:77,9,0,0
BRDA:77,9,1,0
BRDA:77,9,2,0
BRDA:77,9,3,0
BRDA:86,10,0,0
BRDA:86,10,1,0
BRDA:86,10,2,0
BRDA:86,10,3,0
BRDA:95,11,0,0
BRDA:95,11,1,0
BRDA:95,11,2,0
BRDA:95,11,3,0
BRDA:245,12,0,0
BRDA:245,12,1,0
BRDA:251,13,0,0
BRDA:251,13,1,0
BRDA:251,14,0,0
BRDA:251,14,1,0
BRDA:251,14,2,0
BRDA:256,15,0,0
BRDA:256,15,1,0
BRDA:256,15,2,0
BRDA:256,15,3,0
BRDA:289,16,0,0
BRDA:289,16,1,0
BRDA:294,17,0,0
BRDA:294,17,1,0
BRDA:294,17,2,0
BRDA:297,18,0,0
BRDA:297,18,1,0
BRDA:300,19,0,0
BRDA:300,19,1,0
BRDA:306,20,0,0
BRDA:306,20,1,0
BRDA:306,20,2,0
BRDA:337,21,0,0
BRDA:337,21,1,0
BRDA:353,22,0,0
BRDA:353,22,1,0
BRDA:376,23,0,0
BRDA:376,23,1,0
BRF:58
BRH:0
end_of_record
TN:
SF:views\UserManagementView.tsx
FN:13,UserManagementView
FN:16,(anonymous_1)
FN:16,(anonymous_2)
FN:18,(anonymous_3)
FN:51,(anonymous_4)
FNF:5
FNH:0
FNDA:0,UserManagementView
FNDA:0,(anonymous_1)
FNDA:0,(anonymous_2)
FNDA:0,(anonymous_3)
FNDA:0,(anonymous_4)
DA:14,0
DA:16,0
DA:18,0
DA:19,0
DA:20,0
DA:21,0
DA:22,0
DA:23,0
DA:24,0
DA:25,0
DA:29,0
DA:52,0
DA:53,0
LF:13
LH:0
BRDA:18,0,0,0
BRDA:19,1,0,0
BRDA:19,1,1,0
BRDA:19,1,2,0
BRDA:19,1,3,0
BRDA:19,1,4,0
BRDA:19,1,5,0
BRDA:36,2,0,0
BRDA:36,2,1,0
BRDA:63,3,0,0
BRDA:63,3,1,0
BRDA:67,4,0,0
BRDA:67,4,1,0
BRF:13
BRH:0
end_of_record
